2022-08-16 09:24:30.448 | INFO     | mini.library:get_monitoring:258 - ---- URL Health Check Start [31/33] ----
2022-08-16 09:24:30.480 | INFO     | mini.library:get_monitoring:270 - url_get(1/2) http://www.bspolice.go.kr (0.0s)
2022-08-16 09:24:32.810 | INFO     | mini.library:get_monitoring:273 - url_get(2/2) URL Loading (2.33s)
2022-08-16 09:24:32.819 | INFO     | mini.library:get_monitoring:282 - URL redirected : https://www.bspolice.go.kr/kor/main.do (2.37s)
2022-08-16 09:24:35.138 | INFO     | mini.library:get_monitoring:302 - Screenshot (4.69s)
2022-08-16 09:24:35.395 | INFO     | mini.library:get_monitoring:318 - HTML Save (4.95s)
2022-08-16 09:24:37.299 | INFO     | mini.library:get_monitoring:324 - Status : 200 (6.85s)
2022-08-16 09:24:37.427 | INFO     | mini.library:test:1228 - Uptime Mini는 URL Health Check Agent 입니다.
            
■ 기능설명
- 시뮬레이션 방식으로 브라우져가 URL을 접속하여 확인
- 최종 URL(redirect)의 이미지 캡쳐
 (정상 상태의 이미지와 비교하여 유사도 체크)
- 최종 URL의 상태코드를 확인
 (200 정상, 404 페이지 찾을수 없음 등..)
- 최종 URL의 html 소스코드를 저장
 (정상 상태의 html과 비교하여 유사도 체크)

■ 검색조건 : 카테고리, 사이트명, URL명 등 설정

■ 동작 방법
- 반복 점검 : 전체 검색결과를 반복해서 점검
- 비활성화 URL 점검 : 일시적으로 비활성화된 URL도 점검함
- 백그라운드 실행 : 브라우져가 화면에서 실행되지 않음
- 타임아웃 : 브라우져로 URL이 열리기까지의 타임아웃 시간(초)Uptime Mini는 URL Health Check Agent 입니다.
            
■ 기능설명
- 시뮬레이션 방식으로 브라우져가 URL을 접속하여 확인
- 최종 URL(redirect)의 이미지 캡쳐
 (정상 상태의 이미지와 비교하여 유사도 체크)
- 최종 URL의 상태코드를 확인
 (200 정상, 404 페이지 찾을수 없음 등..)
- 최종 URL의 html 소스코드를 저장
 (정상 상태의 html과 비교하여 유사도 체크)

■ 검색조건 : 카테고리, 사이트명, URL명 등 설정

■ 동작 방법
- 반복 점검 : 전체 검색결과를 반복해서 점검
- 비활성화 URL 점검 : 일시적으로 비활성화된 URL도 점검함
- 백그라운드 실행 : 브라우져가 화면에서 실행되지 않음
- 타임아웃 : 브라우져로 URL이 열리기까지의 타임아웃 시간(초)Uptime Mini는 URL Health Check Agent 입니다.
            
■ 기능설명
- 시뮬레이션 방식으로 브라우져가 URL을 접속하여 확인
- 최종 URL(redirect)의 이미지 캡쳐
 (정상 상태의 이미지와 비교하여 유사도 체크)
- 최종 URL의 상태코드를 확인
 (200 정상, 404 페이지 찾을수 없음 등..)
- 최종 URL의 html 소스코드를 저장
 (정상 상태의 html과 비교하여 유사도 체크)

■ 검색조건 : 카테고리, 사이트명, URL명 등 설정

■ 동작 방법
- 반복 점검 : 전체 검색결과를 반복해서 점검
- 비활성화 URL 점검 : 일시적으로 비활성화된 URL도 점검함
- 백그라운드 실행 : 브라우져가 화면에서 실행되지 않음
- 타임아웃 : 브라우져로 URL이 열리기까지의 타임아웃 시간(초)Uptime Mini는 URL Health Check Agent 입니다.
            
■ 기능설명
- 시뮬레이션 방식으로 브라우져가 URL을 접속하여 확인
- 최종 URL(redirect)의 이미지 캡쳐
 (정상 상태의 이미지와 비교하여 유사도 체크)
- 최종 URL의 상태코드를 확인
 (200 정상, 404 페이지 찾을수 없음 등..)
- 최종 URL의 html 소스코드를 저장
 (정상 상태의 html과 비교하여 유사도 체크)

■ 검색조건 : 카테고리, 사이트명, URL명 등 설정

■ 동작 방법
- 반복 점검 : 전체 검색결과를 반복해서 점검
- 비활성화 URL 점검 : 일시적으로 비활성화된 URL도 점검함
- 백그라운드 실행 : 브라우져가 화면에서 실행되지 않음
- 타임아웃 : 브라우져로 URL이 열리기까지의 타임아웃 시간(초)Uptime Mini는 URL Health Check Agent 입니다.
            
■ 기능설명
- 시뮬레이션 방식으로 브라우져가 URL을 접속하여 확인
- 최종 URL(redirect)의 이미지 캡쳐
 (정상 상태의 이미지와 비교하여 유사도 체크)
- 최종 URL의 상태코드를 확인
 (200 정상, 404 페이지 찾을수 없음 등..)
- 최종 URL의 html 소스코드를 저장
 (정상 상태의 html과 비교하여 유사도 체크)

■ 검색조건 : 카테고리, 사이트명, URL명 등 설정

■ 동작 방법
- 반복 점검 : 전체 검색결과를 반복해서 점검
- 비활성화 URL 점검 : 일시적으로 비활성화된 URL도 점검함
- 백그라운드 실행 : 브라우져가 화면에서 실행되지 않음
- 타임아웃 : 브라우져로 URL이 열리기까지의 타임아웃 시간(초)Uptime Mini는 URL Health Check Agent 입니다.
            
■ 기능설명
- 시뮬레이션 방식으로 브라우져가 URL을 접속하여 확인
- 최종 URL(redirect)의 이미지 캡쳐
 (정상 상태의 이미지와 비교하여 유사도 체크)
- 최종 URL의 상태코드를 확인
 (200 정상, 404 페이지 찾을수 없음 등..)
- 최종 URL의 html 소스코드를 저장
 (정상 상태의 html과 비교하여 유사도 체크)

■ 검색조건 : 카테고리, 사이트명, URL명 등 설정

■ 동작 방법
- 반복 점검 : 전체 검색결과를 반복해서 점검
- 비활성화 URL 점검 : 일시적으로 비활성화된 URL도 점검함
- 백그라운드 실행 : 브라우져가 화면에서 실행되지 않음
- 타임아웃 : 브라우져로 URL이 열리기까지의 타임아웃 시간(초)Uptime Mini는 URL Health Check Agent 입니다.
            
■ 기능설명
- 시뮬레이션 방식으로 브라우져가 URL을 접속하여 확인
- 최종 URL(redirect)의 이미지 캡쳐
 (정상 상태의 이미지와 비교하여 유사도 체크)
- 최종 URL의 상태코드를 확인
 (200 정상, 404 페이지 찾을수 없음 등..)
- 최종 URL의 html 소스코드를 저장
 (정상 상태의 html과 비교하여 유사도 체크)

■ 검색조건 : 카테고리, 사이트명, URL명 등 설정

■ 동작 방법
- 반복 점검 : 전체 검색결과를 반복해서 점검
- 비활성화 URL 점검 : 일시적으로 비활성화된 URL도 점검함
- 백그라운드 실행 : 브라우져가 화면에서 실행되지 않음
- 타임아웃 : 브라우져로 URL이 열리기까지의 타임아웃 시간(초)Uptime Mini는 URL Health Check Agent 입니다.
            
■ 기능설명
- 시뮬레이션 방식으로 브라우져가 URL을 접속하여 확인
- 최종 URL(redirect)의 이미지 캡쳐
 (정상 상태의 이미지와 비교하여 유사도 체크)
- 최종 URL의 상태코드를 확인
 (200 정상, 404 페이지 찾을수 없음 등..)
- 최종 URL의 html 소스코드를 저장
 (정상 상태의 html과 비교하여 유사도 체크)

■ 검색조건 : 카테고리, 사이트명, URL명 등 설정

■ 동작 방법
- 반복 점검 : 전체 검색결과를 반복해서 점검
- 비활성화 URL 점검 : 일시적으로 비활성화된 URL도 점검함
- 백그라운드 실행 : 브라우져가 화면에서 실행되지 않음
- 타임아웃 : 브라우져로 URL이 열리기까지의 타임아웃 시간(초)Uptime Mini는 URL Health Check Agent 입니다.
            
■ 기능설명
- 시뮬레이션 방식으로 브라우져가 URL을 접속하여 확인
- 최종 URL(redirect)의 이미지 캡쳐
 (정상 상태의 이미지와 비교하여 유사도 체크)
- 최종 URL의 상태코드를 확인
 (200 정상, 404 페이지 찾을수 없음 등..)
- 최종 URL의 html 소스코드를 저장
 (정상 상태의 html과 비교하여 유사도 체크)

■ 검색조건 : 카테고리, 사이트명, URL명 등 설정

■ 동작 방법
- 반복 점검 : 전체 검색결과를 반복해서 점검
- 비활성화 URL 점검 : 일시적으로 비활성화된 URL도 점검함
- 백그라운드 실행 : 브라우져가 화면에서 실행되지 않음
- 타임아웃 : 브라우져로 URL이 열리기까지의 타임아웃 시간(초)Uptime Mini는 URL Health Check Agent 입니다.
            
■ 기능설명
- 시뮬레이션 방식으로 브라우져가 URL을 접속하여 확인
- 최종 URL(redirect)의 이미지 캡쳐
 (정상 상태의 이미지와 비교하여 유사도 체크)
- 최종 URL의 상태코드를 확인
 (200 정상, 404 페이지 찾을수 없음 등..)
- 최종 URL의 html 소스코드를 저장
 (정상 상태의 html과 비교하여 유사도 체크)

■ 검색조건 : 카테고리, 사이트명, URL명 등 설정

■ 동작 방법
- 반복 점검 : 전체 검색결과를 반복해서 점검
- 비활성화 URL 점검 : 일시적으로 비활성화된 URL도 점검함
- 백그라운드 실행 : 브라우져가 화면에서 실행되지 않음
- 타임아웃 : 브라우져로 URL이 열리기까지의 타임아웃 시간(초)Uptime Mini는 URL Health Check Agent 입니다.
            
■ 기능설명
- 시뮬레이션 방식으로 브라우져가 URL을 접속하여 확인
- 최종 URL(redirect)의 이미지 캡쳐
 (정상 상태의 이미지와 비교하여 유사도 체크)
- 최종 URL의 상태코드를 확인
 (200 정상, 404 페이지 찾을수 없음 등..)
- 최종 URL의 html 소스코드를 저장
 (정상 상태의 html과 비교하여 유사도 체크)

■ 검색조건 : 카테고리, 사이트명, URL명 등 설정

■ 동작 방법
- 반복 점검 : 전체 검색결과를 반복해서 점검
- 비활성화 URL 점검 : 일시적으로 비활성화된 URL도 점검함
- 백그라운드 실행 : 브라우져가 화면에서 실행되지 않음
- 타임아웃 : 브라우져로 URL이 열리기까지의 타임아웃 시간(초)Uptime Mini는 URL Health Check Agent 입니다.
            
■ 기능설명
- 시뮬레이션 방식으로 브라우져가 URL을 접속하여 확인
- 최종 URL(redirect)의 이미지 캡쳐
 (정상 상태의 이미지와 비교하여 유사도 체크)
- 최종 URL의 상태코드를 확인
 (200 정상, 404 페이지 찾을수 없음 등..)
- 최종 URL의 html 소스코드를 저장
 (정상 상태의 html과 비교하여 유사도 체크)

■ 검색조건 : 카테고리, 사이트명, URL명 등 설정

■ 동작 방법
- 반복 점검 : 전체 검색결과를 반복해서 점검
- 비활성화 URL 점검 : 일시적으로 비활성화된 URL도 점검함
- 백그라운드 실행 : 브라우져가 화면에서 실행되지 않음
- 타임아웃 : 브라우져로 URL이 열리기까지의 타임아웃 시간(초)Uptime Mini는 URL Health Check Agent 입니다.
            
■ 기능설명
- 시뮬레이션 방식으로 브라우져가 URL을 접속하여 확인
- 최종 URL(redirect)의 이미지 캡쳐
 (정상 상태의 이미지와 비교하여 유사도 체크)
- 최종 URL의 상태코드를 확인
 (200 정상, 404 페이지 찾을수 없음 등..)
- 최종 URL의 html 소스코드를 저장
 (정상 상태의 html과 비교하여 유사도 체크)

■ 검색조건 : 카테고리, 사이트명, URL명 등 설정

■ 동작 방법
- 반복 점검 : 전체 검색결과를 반복해서 점검
- 비활성화 URL 점검 : 일시적으로 비활성화된 URL도 점검함
- 백그라운드 실행 : 브라우져가 화면에서 실행되지 않음
- 타임아웃 : 브라우져로 URL이 열리기까지의 타임아웃 시간(초)Uptime Mini는 URL Health Check Agent 입니다.
            
■ 기능설명
- 시뮬레이션 방식으로 브라우져가 URL을 접속하여 확인
- 최종 URL(redirect)의 이미지 캡쳐
 (정상 상태의 이미지와 비교하여 유사도 체크)
- 최종 URL의 상태코드를 확인
 (200 정상, 404 페이지 찾을수 없음 등..)
- 최종 URL의 html 소스코드를 저장
 (정상 상태의 html과 비교하여 유사도 체크)

■ 검색조건 : 카테고리, 사이트명, URL명 등 설정

■ 동작 방법
- 반복 점검 : 전체 검색결과를 반복해서 점검
- 비활성화 URL 점검 : 일시적으로 비활성화된 URL도 점검함
- 백그라운드 실행 : 브라우져가 화면에서 실행되지 않음
- 타임아웃 : 브라우져로 URL이 열리기까지의 타임아웃 시간(초)Uptime Mini는 URL Health Check Agent 입니다.
            
■ 기능설명
- 시뮬레이션 방식으로 브라우져가 URL을 접속하여 확인
- 최종 URL(redirect)의 이미지 캡쳐
 (정상 상태의 이미지와 비교하여 유사도 체크)
- 최종 URL의 상태코드를 확인
 (200 정상, 404 페이지 찾을수 없음 등..)
- 최종 URL의 html 소스코드를 저장
 (정상 상태의 html과 비교하여 유사도 체크)

■ 검색조건 : 카테고리, 사이트명, URL명 등 설정

■ 동작 방법
- 반복 점검 : 전체 검색결과를 반복해서 점검
- 비활성화 URL 점검 : 일시적으로 비활성화된 URL도 점검함
- 백그라운드 실행 : 브라우져가 화면에서 실행되지 않음
- 타임아웃 : 브라우져로 URL이 열리기까지의 타임아웃 시간(초)Uptime Mini는 URL Health Check Agent 입니다.
            
■ 기능설명
- 시뮬레이션 방식으로 브라우져가 URL을 접속하여 확인
- 최종 URL(redirect)의 이미지 캡쳐
 (정상 상태의 이미지와 비교하여 유사도 체크)
- 최종 URL의 상태코드를 확인
 (200 정상, 404 페이지 찾을수 없음 등..)
- 최종 URL의 html 소스코드를 저장
 (정상 상태의 html과 비교하여 유사도 체크)

■ 검색조건 : 카테고리, 사이트명, URL명 등 설정

■ 동작 방법
- 반복 점검 : 전체 검색결과를 반복해서 점검
- 비활성화 URL 점검 : 일시적으로 비활성화된 URL도 점검함
- 백그라운드 실행 : 브라우져가 화면에서 실행되지 않음
- 타임아웃 : 브라우져로 URL이 열리기까지의 타임아웃 시간(초)Uptime Mini는 URL Health Check Agent 입니다.
            
■ 기능설명
- 시뮬레이션 방식으로 브라우져가 URL을 접속하여 확인
- 최종 URL(redirect)의 이미지 캡쳐
 (정상 상태의 이미지와 비교하여 유사도 체크)
- 최종 URL의 상태코드를 확인
 (200 정상, 404 페이지 찾을수 없음 등..)
- 최종 URL의 html 소스코드를 저장
 (정상 상태의 html과 비교하여 유사도 체크)

■ 검색조건 : 카테고리, 사이트명, URL명 등 설정

■ 동작 방법
- 반복 점검 : 전체 검색결과를 반복해서 점검
- 비활성화 URL 점검 : 일시적으로 비활성화된 URL도 점검함
- 백그라운드 실행 : 브라우져가 화면에서 실행되지 않음
- 타임아웃 : 브라우져로 URL이 열리기까지의 타임아웃 시간(초)Uptime Mini는 URL Health Check Agent 입니다.
            
■ 기능설명
- 시뮬레이션 방식으로 브라우져가 URL을 접속하여 확인
- 최종 URL(redirect)의 이미지 캡쳐
 (정상 상태의 이미지와 비교하여 유사도 체크)
- 최종 URL의 상태코드를 확인
 (200 정상, 404 페이지 찾을수 없음 등..)
- 최종 URL의 html 소스코드를 저장
 (정상 상태의 html과 비교하여 유사도 체크)

■ 검색조건 : 카테고리, 사이트명, URL명 등 설정

■ 동작 방법
- 반복 점검 : 전체 검색결과를 반복해서 점검
- 비활성화 URL 점검 : 일시적으로 비활성화된 URL도 점검함
- 백그라운드 실행 : 브라우져가 화면에서 실행되지 않음
- 타임아웃 : 브라우져로 URL이 열리기까지의 타임아웃 시간(초)Uptime Mini는 URL Health Check Agent 입니다.
            
■ 기능설명
- 시뮬레이션 방식으로 브라우져가 URL을 접속하여 확인
- 최종 URL(redirect)의 이미지 캡쳐
 (정상 상태의 이미지와 비교하여 유사도 체크)
- 최종 URL의 상태코드를 확인
 (200 정상, 404 페이지 찾을수 없음 등..)
- 최종 URL의 html 소스코드를 저장
 (정상 상태의 html과 비교하여 유사도 체크)

■ 검색조건 : 카테고리, 사이트명, URL명 등 설정

■ 동작 방법
- 반복 점검 : 전체 검색결과를 반복해서 점검
- 비활성화 URL 점검 : 일시적으로 비활성화된 URL도 점검함
- 백그라운드 실행 : 브라우져가 화면에서 실행되지 않음
- 타임아웃 : 브라우져로 URL이 열리기까지의 타임아웃 시간(초)Uptime Mini는 URL Health Check Agent 입니다.
            
■ 기능설명
- 시뮬레이션 방식으로 브라우져가 URL을 접속하여 확인
- 최종 URL(redirect)의 이미지 캡쳐
 (정상 상태의 이미지와 비교하여 유사도 체크)
- 최종 URL의 상태코드를 확인
 (200 정상, 404 페이지 찾을수 없음 등..)
- 최종 URL의 html 소스코드를 저장
 (정상 상태의 html과 비교하여 유사도 체크)

■ 검색조건 : 카테고리, 사이트명, URL명 등 설정

■ 동작 방법
- 반복 점검 : 전체 검색결과를 반복해서 점검
- 비활성화 URL 점검 : 일시적으로 비활성화된 URL도 점검함
- 백그라운드 실행 : 브라우져가 화면에서 실행되지 않음
- 타임아웃 : 브라우져로 URL이 열리기까지의 타임아웃 시간(초)Uptime Mini는 URL Health Check Agent 입니다.
            
■ 기능설명
- 시뮬레이션 방식으로 브라우져가 URL을 접속하여 확인
- 최종 URL(redirect)의 이미지 캡쳐
 (정상 상태의 이미지와 비교하여 유사도 체크)
- 최종 URL의 상태코드를 확인
 (200 정상, 404 페이지 찾을수 없음 등..)
- 최종 URL의 html 소스코드를 저장
 (정상 상태의 html과 비교하여 유사도 체크)

■ 검색조건 : 카테고리, 사이트명, URL명 등 설정

■ 동작 방법
- 반복 점검 : 전체 검색결과를 반복해서 점검
- 비활성화 URL 점검 : 일시적으로 비활성화된 URL도 점검함
- 백그라운드 실행 : 브라우져가 화면에서 실행되지 않음
- 타임아웃 : 브라우져로 URL이 열리기까지의 타임아웃 시간(초)Uptime Mini는 URL Health Check Agent 입니다.
            
■ 기능설명
- 시뮬레이션 방식으로 브라우져가 URL을 접속하여 확인
- 최종 URL(redirect)의 이미지 캡쳐
 (정상 상태의 이미지와 비교하여 유사도 체크)
- 최종 URL의 상태코드를 확인
 (200 정상, 404 페이지 찾을수 없음 등..)
- 최종 URL의 html 소스코드를 저장
 (정상 상태의 html과 비교하여 유사도 체크)

■ 검색조건 : 카테고리, 사이트명, URL명 등 설정

■ 동작 방법
- 반복 점검 : 전체 검색결과를 반복해서 점검
- 비활성화 URL 점검 : 일시적으로 비활성화된 URL도 점검함
- 백그라운드 실행 : 브라우져가 화면에서 실행되지 않음
- 타임아웃 : 브라우져로 URL이 열리기까지의 타임아웃 시간(초)Uptime Mini는 URL Health Check Agent 입니다.
            
■ 기능설명
- 시뮬레이션 방식으로 브라우져가 URL을 접속하여 확인
- 최종 URL(redirect)의 이미지 캡쳐
 (정상 상태의 이미지와 비교하여 유사도 체크)
- 최종 URL의 상태코드를 확인
 (200 정상, 404 페이지 찾을수 없음 등..)
- 최종 URL의 html 소스코드를 저장
 (정상 상태의 html과 비교하여 유사도 체크)

■ 검색조건 : 카테고리, 사이트명, URL명 등 설정

■ 동작 방법
- 반복 점검 : 전체 검색결과를 반복해서 점검
- 비활성화 URL 점검 : 일시적으로 비활성화된 URL도 점검함
- 백그라운드 실행 : 브라우져가 화면에서 실행되지 않음
- 타임아웃 : 브라우져로 URL이 열리기까지의 타임아웃 시간(초)Uptime Mini는 URL Health Check Agent 입니다.
            
■ 기능설명
- 시뮬레이션 방식으로 브라우져가 URL을 접속하여 확인
- 최종 URL(redirect)의 이미지 캡쳐
 (정상 상태의 이미지와 비교하여 유사도 체크)
- 최종 URL의 상태코드를 확인
 (200 정상, 404 페이지 찾을수 없음 등..)
- 최종 URL의 html 소스코드를 저장
 (정상 상태의 html과 비교하여 유사도 체크)

■ 검색조건 : 카테고리, 사이트명, URL명 등 설정

■ 동작 방법
- 반복 점검 : 전체 검색결과를 반복해서 점검
- 비활성화 URL 점검 : 일시적으로 비활성화된 URL도 점검함
- 백그라운드 실행 : 브라우져가 화면에서 실행되지 않음
- 타임아웃 : 브라우져로 URL이 열리기까지의 타임아웃 시간(초)Uptime Mini는 URL Health Check Agent 입니다.
            
■ 기능설명
- 시뮬레이션 방식으로 브라우져가 URL을 접속하여 확인
- 최종 URL(redirect)의 이미지 캡쳐
 (정상 상태의 이미지와 비교하여 유사도 체크)
- 최종 URL의 상태코드를 확인
 (200 정상, 404 페이지 찾을수 없음 등..)
- 최종 URL의 html 소스코드를 저장
 (정상 상태의 html과 비교하여 유사도 체크)

■ 검색조건 : 카테고리, 사이트명, URL명 등 설정

■ 동작 방법
- 반복 점검 : 전체 검색결과를 반복해서 점검
- 비활성화 URL 점검 : 일시적으로 비활성화된 URL도 점검함
- 백그라운드 실행 : 브라우져가 화면에서 실행되지 않음
- 타임아웃 : 브라우져로 URL이 열리기까지의 타임아웃 시간(초)Uptime Mini는 URL Health Check Agent 입니다.
            
■ 기능설명
- 시뮬레이션 방식으로 브라우져가 URL을 접속하여 확인
- 최종 URL(redirect)의 이미지 캡쳐
 (정상 상태의 이미지와 비교하여 유사도 체크)
- 최종 URL의 상태코드를 확인
 (200 정상, 404 페이지 찾을수 없음 등..)
- 최종 URL의 html 소스코드를 저장
 (정상 상태의 html과 비교하여 유사도 체크)

■ 검색조건 : 카테고리, 사이트명, URL명 등 설정

■ 동작 방법
- 반복 점검 : 전체 검색결과를 반복해서 점검
- 비활성화 URL 점검 : 일시적으로 비활성화된 URL도 점검함
- 백그라운드 실행 : 브라우져가 화면에서 실행되지 않음
- 타임아웃 : 브라우져로 URL이 열리기까지의 타임아웃 시간(초)Uptime Mini는 URL Health Check Agent 입니다.
            
■ 기능설명
- 시뮬레이션 방식으로 브라우져가 URL을 접속하여 확인
- 최종 URL(redirect)의 이미지 캡쳐
 (정상 상태의 이미지와 비교하여 유사도 체크)
- 최종 URL의 상태코드를 확인
 (200 정상, 404 페이지 찾을수 없음 등..)
- 최종 URL의 html 소스코드를 저장
 (정상 상태의 html과 비교하여 유사도 체크)

■ 검색조건 : 카테고리, 사이트명, URL명 등 설정

■ 동작 방법
- 반복 점검 : 전체 검색결과를 반복해서 점검
- 비활성화 URL 점검 : 일시적으로 비활성화된 URL도 점검함
- 백그라운드 실행 : 브라우져가 화면에서 실행되지 않음
- 타임아웃 : 브라우져로 URL이 열리기까지의 타임아웃 시간(초)Uptime Mini는 URL Health Check Agent 입니다.
            
■ 기능설명
- 시뮬레이션 방식으로 브라우져가 URL을 접속하여 확인
- 최종 URL(redirect)의 이미지 캡쳐
 (정상 상태의 이미지와 비교하여 유사도 체크)
- 최종 URL의 상태코드를 확인
 (200 정상, 404 페이지 찾을수 없음 등..)
- 최종 URL의 html 소스코드를 저장
 (정상 상태의 html과 비교하여 유사도 체크)

■ 검색조건 : 카테고리, 사이트명, URL명 등 설정

■ 동작 방법
- 반복 점검 : 전체 검색결과를 반복해서 점검
- 비활성화 URL 점검 : 일시적으로 비활성화된 URL도 점검함
- 백그라운드 실행 : 브라우져가 화면에서 실행되지 않음
- 타임아웃 : 브라우져로 URL이 열리기까지의 타임아웃 시간(초)Uptime Mini는 URL Health Check Agent 입니다.
            
■ 기능설명
- 시뮬레이션 방식으로 브라우져가 URL을 접속하여 확인
- 최종 URL(redirect)의 이미지 캡쳐
 (정상 상태의 이미지와 비교하여 유사도 체크)
- 최종 URL의 상태코드를 확인
 (200 정상, 404 페이지 찾을수 없음 등..)
- 최종 URL의 html 소스코드를 저장
 (정상 상태의 html과 비교하여 유사도 체크)

■ 검색조건 : 카테고리, 사이트명, URL명 등 설정

■ 동작 방법
- 반복 점검 : 전체 검색결과를 반복해서 점검
- 비활성화 URL 점검 : 일시적으로 비활성화된 URL도 점검함
- 백그라운드 실행 : 브라우져가 화면에서 실행되지 않음
- 타임아웃 : 브라우져로 URL이 열리기까지의 타임아웃 시간(초)Uptime Mini는 URL Health Check Agent 입니다.
            
■ 기능설명
- 시뮬레이션 방식으로 브라우져가 URL을 접속하여 확인
- 최종 URL(redirect)의 이미지 캡쳐
 (정상 상태의 이미지와 비교하여 유사도 체크)
- 최종 URL의 상태코드를 확인
 (200 정상, 404 페이지 찾을수 없음 등..)
- 최종 URL의 html 소스코드를 저장
 (정상 상태의 html과 비교하여 유사도 체크)

■ 검색조건 : 카테고리, 사이트명, URL명 등 설정

■ 동작 방법
- 반복 점검 : 전체 검색결과를 반복해서 점검
- 비활성화 URL 점검 : 일시적으로 비활성화된 URL도 점검함
- 백그라운드 실행 : 브라우져가 화면에서 실행되지 않음
- 타임아웃 : 브라우져로 URL이 열리기까지의 타임아웃 시간(초)Uptime Mini는 URL Health Check Agent 입니다.
            
■ 기능설명
- 시뮬레이션 방식으로 브라우져가 URL을 접속하여 확인
- 최종 URL(redirect)의 이미지 캡쳐
 (정상 상태의 이미지와 비교하여 유사도 체크)
- 최종 URL의 상태코드를 확인
 (200 정상, 404 페이지 찾을수 없음 등..)
- 최종 URL의 html 소스코드를 저장
 (정상 상태의 html과 비교하여 유사도 체크)

■ 검색조건 : 카테고리, 사이트명, URL명 등 설정

■ 동작 방법
- 반복 점검 : 전체 검색결과를 반복해서 점검
- 비활성화 URL 점검 : 일시적으로 비활성화된 URL도 점검함
- 백그라운드 실행 : 브라우져가 화면에서 실행되지 않음
- 타임아웃 : 브라우져로 URL이 열리기까지의 타임아웃 시간(초)Uptime Mini는 URL Health Check Agent 입니다.
            
■ 기능설명
- 시뮬레이션 방식으로 브라우져가 URL을 접속하여 확인
- 최종 URL(redirect)의 이미지 캡쳐
 (정상 상태의 이미지와 비교하여 유사도 체크)
- 최종 URL의 상태코드를 확인
 (200 정상, 404 페이지 찾을수 없음 등..)
- 최종 URL의 html 소스코드를 저장
 (정상 상태의 html과 비교하여 유사도 체크)

■ 검색조건 : 카테고리, 사이트명, URL명 등 설정

■ 동작 방법
- 반복 점검 : 전체 검색결과를 반복해서 점검
- 비활성화 URL 점검 : 일시적으로 비활성화된 URL도 점검함
- 백그라운드 실행 : 브라우져가 화면에서 실행되지 않음
- 타임아웃 : 브라우져로 URL이 열리기까지의 타임아웃 시간(초)Uptime Mini는 URL Health Check Agent 입니다.
            
■ 기능설명
- 시뮬레이션 방식으로 브라우져가 URL을 접속하여 확인
- 최종 URL(redirect)의 이미지 캡쳐
 (정상 상태의 이미지와 비교하여 유사도 체크)
- 최종 URL의 상태코드를 확인
 (200 정상, 404 페이지 찾을수 없음 등..)
- 최종 URL의 html 소스코드를 저장
 (정상 상태의 html과 비교하여 유사도 체크)

■ 검색조건 : 카테고리, 사이트명, URL명 등 설정

■ 동작 방법
- 반복 점검 : 전체 검색결과를 반복해서 점검
- 비활성화 URL 점검 : 일시적으로 비활성화된 URL도 점검함
- 백그라운드 실행 : 브라우져가 화면에서 실행되지 않음
- 타임아웃 : 브라우져로 URL이 열리기까지의 타임아웃 시간(초)Uptime Mini는 URL Health Check Agent 입니다.
            
■ 기능설명
- 시뮬레이션 방식으로 브라우져가 URL을 접속하여 확인
- 최종 URL(redirect)의 이미지 캡쳐
 (정상 상태의 이미지와 비교하여 유사도 체크)
- 최종 URL의 상태코드를 확인
 (200 정상, 404 페이지 찾을수 없음 등..)
- 최종 URL의 html 소스코드를 저장
 (정상 상태의 html과 비교하여 유사도 체크)

■ 검색조건 : 카테고리, 사이트명, URL명 등 설정

■ 동작 방법
- 반복 점검 : 전체 검색결과를 반복해서 점검
- 비활성화 URL 점검 : 일시적으로 비활성화된 URL도 점검함
- 백그라운드 실행 : 브라우져가 화면에서 실행되지 않음
- 타임아웃 : 브라우져로 URL이 열리기까지의 타임아웃 시간(초)Uptime Mini는 URL Health Check Agent 입니다.
            
■ 기능설명
- 시뮬레이션 방식으로 브라우져가 URL을 접속하여 확인
- 최종 URL(redirect)의 이미지 캡쳐
 (정상 상태의 이미지와 비교하여 유사도 체크)
- 최종 URL의 상태코드를 확인
 (200 정상, 404 페이지 찾을수 없음 등..)
- 최종 URL의 html 소스코드를 저장
 (정상 상태의 html과 비교하여 유사도 체크)

■ 검색조건 : 카테고리, 사이트명, URL명 등 설정

■ 동작 방법
- 반복 점검 : 전체 검색결과를 반복해서 점검
- 비활성화 URL 점검 : 일시적으로 비활성화된 URL도 점검함
- 백그라운드 실행 : 브라우져가 화면에서 실행되지 않음
- 타임아웃 : 브라우져로 URL이 열리기까지의 타임아웃 시간(초)Uptime Mini는 URL Health Check Agent 입니다.
            
■ 기능설명
- 시뮬레이션 방식으로 브라우져가 URL을 접속하여 확인
- 최종 URL(redirect)의 이미지 캡쳐
 (정상 상태의 이미지와 비교하여 유사도 체크)
- 최종 URL의 상태코드를 확인
 (200 정상, 404 페이지 찾을수 없음 등..)
- 최종 URL의 html 소스코드를 저장
 (정상 상태의 html과 비교하여 유사도 체크)

■ 검색조건 : 카테고리, 사이트명, URL명 등 설정

■ 동작 방법
- 반복 점검 : 전체 검색결과를 반복해서 점검
- 비활성화 URL 점검 : 일시적으로 비활성화된 URL도 점검함
- 백그라운드 실행 : 브라우져가 화면에서 실행되지 않음
- 타임아웃 : 브라우져로 URL이 열리기까지의 타임아웃 시간(초)Uptime Mini는 URL Health Check Agent 입니다.
            
■ 기능설명
- 시뮬레이션 방식으로 브라우져가 URL을 접속하여 확인
- 최종 URL(redirect)의 이미지 캡쳐
 (정상 상태의 이미지와 비교하여 유사도 체크)
- 최종 URL의 상태코드를 확인
 (200 정상, 404 페이지 찾을수 없음 등..)
- 최종 URL의 html 소스코드를 저장
 (정상 상태의 html과 비교하여 유사도 체크)

■ 검색조건 : 카테고리, 사이트명, URL명 등 설정

■ 동작 방법
- 반복 점검 : 전체 검색결과를 반복해서 점검
- 비활성화 URL 점검 : 일시적으로 비활성화된 URL도 점검함
- 백그라운드 실행 : 브라우져가 화면에서 실행되지 않음
- 타임아웃 : 브라우져로 URL이 열리기까지의 타임아웃 시간(초)Uptime Mini는 URL Health Check Agent 입니다.
            
■ 기능설명
- 시뮬레이션 방식으로 브라우져가 URL을 접속하여 확인
- 최종 URL(redirect)의 이미지 캡쳐
 (정상 상태의 이미지와 비교하여 유사도 체크)
- 최종 URL의 상태코드를 확인
 (200 정상, 404 페이지 찾을수 없음 등..)
- 최종 URL의 html 소스코드를 저장
 (정상 상태의 html과 비교하여 유사도 체크)

■ 검색조건 : 카테고리, 사이트명, URL명 등 설정

■ 동작 방법
- 반복 점검 : 전체 검색결과를 반복해서 점검
- 비활성화 URL 점검 : 일시적으로 비활성화된 URL도 점검함
- 백그라운드 실행 : 브라우져가 화면에서 실행되지 않음
- 타임아웃 : 브라우져로 URL이 열리기까지의 타임아웃 시간(초)Uptime Mini는 URL Health Check Agent 입니다.
            
■ 기능설명
- 시뮬레이션 방식으로 브라우져가 URL을 접속하여 확인
- 최종 URL(redirect)의 이미지 캡쳐
 (정상 상태의 이미지와 비교하여 유사도 체크)
- 최종 URL의 상태코드를 확인
 (200 정상, 404 페이지 찾을수 없음 등..)
- 최종 URL의 html 소스코드를 저장
 (정상 상태의 html과 비교하여 유사도 체크)

■ 검색조건 : 카테고리, 사이트명, URL명 등 설정

■ 동작 방법
- 반복 점검 : 전체 검색결과를 반복해서 점검
- 비활성화 URL 점검 : 일시적으로 비활성화된 URL도 점검함
- 백그라운드 실행 : 브라우져가 화면에서 실행되지 않음
- 타임아웃 : 브라우져로 URL이 열리기까지의 타임아웃 시간(초)Uptime Mini는 URL Health Check Agent 입니다.
            
■ 기능설명
- 시뮬레이션 방식으로 브라우져가 URL을 접속하여 확인
- 최종 URL(redirect)의 이미지 캡쳐
 (정상 상태의 이미지와 비교하여 유사도 체크)
- 최종 URL의 상태코드를 확인
 (200 정상, 404 페이지 찾을수 없음 등..)
- 최종 URL의 html 소스코드를 저장
 (정상 상태의 html과 비교하여 유사도 체크)

■ 검색조건 : 카테고리, 사이트명, URL명 등 설정

■ 동작 방법
- 반복 점검 : 전체 검색결과를 반복해서 점검
- 비활성화 URL 점검 : 일시적으로 비활성화된 URL도 점검함
- 백그라운드 실행 : 브라우져가 화면에서 실행되지 않음
- 타임아웃 : 브라우져로 URL이 열리기까지의 타임아웃 시간(초)Uptime Mini는 URL Health Check Agent 입니다.
            
■ 기능설명
- 시뮬레이션 방식으로 브라우져가 URL을 접속하여 확인
- 최종 URL(redirect)의 이미지 캡쳐
 (정상 상태의 이미지와 비교하여 유사도 체크)
- 최종 URL의 상태코드를 확인
 (200 정상, 404 페이지 찾을수 없음 등..)
- 최종 URL의 html 소스코드를 저장
 (정상 상태의 html과 비교하여 유사도 체크)

■ 검색조건 : 카테고리, 사이트명, URL명 등 설정

■ 동작 방법
- 반복 점검 : 전체 검색결과를 반복해서 점검
- 비활성화 URL 점검 : 일시적으로 비활성화된 URL도 점검함
- 백그라운드 실행 : 브라우져가 화면에서 실행되지 않음
- 타임아웃 : 브라우져로 URL이 열리기까지의 타임아웃 시간(초)Uptime Mini는 URL Health Check Agent 입니다.
            
■ 기능설명
- 시뮬레이션 방식으로 브라우져가 URL을 접속하여 확인
- 최종 URL(redirect)의 이미지 캡쳐
 (정상 상태의 이미지와 비교하여 유사도 체크)
- 최종 URL의 상태코드를 확인
 (200 정상, 404 페이지 찾을수 없음 등..)
- 최종 URL의 html 소스코드를 저장
 (정상 상태의 html과 비교하여 유사도 체크)

■ 검색조건 : 카테고리, 사이트명, URL명 등 설정

■ 동작 방법
- 반복 점검 : 전체 검색결과를 반복해서 점검
- 비활성화 URL 점검 : 일시적으로 비활성화된 URL도 점검함
- 백그라운드 실행 : 브라우져가 화면에서 실행되지 않음
- 타임아웃 : 브라우져로 URL이 열리기까지의 타임아웃 시간(초)Uptime Mini는 URL Health Check Agent 입니다.
            
■ 기능설명
- 시뮬레이션 방식으로 브라우져가 URL을 접속하여 확인
- 최종 URL(redirect)의 이미지 캡쳐
 (정상 상태의 이미지와 비교하여 유사도 체크)
- 최종 URL의 상태코드를 확인
 (200 정상, 404 페이지 찾을수 없음 등..)
- 최종 URL의 html 소스코드를 저장
 (정상 상태의 html과 비교하여 유사도 체크)

■ 검색조건 : 카테고리, 사이트명, URL명 등 설정

■ 동작 방법
- 반복 점검 : 전체 검색결과를 반복해서 점검
- 비활성화 URL 점검 : 일시적으로 비활성화된 URL도 점검함
- 백그라운드 실행 : 브라우져가 화면에서 실행되지 않음
- 타임아웃 : 브라우져로 URL이 열리기까지의 타임아웃 시간(초)Uptime Mini는 URL Health Check Agent 입니다.
            
■ 기능설명
- 시뮬레이션 방식으로 브라우져가 URL을 접속하여 확인
- 최종 URL(redirect)의 이미지 캡쳐
 (정상 상태의 이미지와 비교하여 유사도 체크)
- 최종 URL의 상태코드를 확인
 (200 정상, 404 페이지 찾을수 없음 등..)
- 최종 URL의 html 소스코드를 저장
 (정상 상태의 html과 비교하여 유사도 체크)

■ 검색조건 : 카테고리, 사이트명, URL명 등 설정

■ 동작 방법
- 반복 점검 : 전체 검색결과를 반복해서 점검
- 비활성화 URL 점검 : 일시적으로 비활성화된 URL도 점검함
- 백그라운드 실행 : 브라우져가 화면에서 실행되지 않음
- 타임아웃 : 브라우져로 URL이 열리기까지의 타임아웃 시간(초)Uptime Mini는 URL Health Check Agent 입니다.
            
■ 기능설명
- 시뮬레이션 방식으로 브라우져가 URL을 접속하여 확인
- 최종 URL(redirect)의 이미지 캡쳐
 (정상 상태의 이미지와 비교하여 유사도 체크)
- 최종 URL의 상태코드를 확인
 (200 정상, 404 페이지 찾을수 없음 등..)
- 최종 URL의 html 소스코드를 저장
 (정상 상태의 html과 비교하여 유사도 체크)

■ 검색조건 : 카테고리, 사이트명, URL명 등 설정

■ 동작 방법
- 반복 점검 : 전체 검색결과를 반복해서 점검
- 비활성화 URL 점검 : 일시적으로 비활성화된 URL도 점검함
- 백그라운드 실행 : 브라우져가 화면에서 실행되지 않음
- 타임아웃 : 브라우져로 URL이 열리기까지의 타임아웃 시간(초)Uptime Mini는 URL Health Check Agent 입니다.
            
■ 기능설명
- 시뮬레이션 방식으로 브라우져가 URL을 접속하여 확인
- 최종 URL(redirect)의 이미지 캡쳐
 (정상 상태의 이미지와 비교하여 유사도 체크)
- 최종 URL의 상태코드를 확인
 (200 정상, 404 페이지 찾을수 없음 등..)
- 최종 URL의 html 소스코드를 저장
 (정상 상태의 html과 비교하여 유사도 체크)

■ 검색조건 : 카테고리, 사이트명, URL명 등 설정

■ 동작 방법
- 반복 점검 : 전체 검색결과를 반복해서 점검
- 비활성화 URL 점검 : 일시적으로 비활성화된 URL도 점검함
- 백그라운드 실행 : 브라우져가 화면에서 실행되지 않음
- 타임아웃 : 브라우져로 URL이 열리기까지의 타임아웃 시간(초)
            
2022-08-16 09:24:37.497 | INFO     | mini.library:get_monitoring:258 - ---- URL Health Check Start [32/33] ----
2022-08-16 09:24:37.523 | INFO     | mini.library:get_monitoring:270 - url_get(1/2) http://www.uspolice.go.kr (0.0s)
2022-08-16 09:24:38.373 | INFO     | mini.library:get_monitoring:273 - url_get(2/2) URL Loading (0.85s)
2022-08-16 09:24:38.383 | INFO     | mini.library:get_monitoring:282 - URL redirected : https://www.uspolice.go.kr/main.jsp (0.89s)
2022-08-16 09:24:40.920 | INFO     | mini.library:get_monitoring:302 - Screenshot (3.42s)
2022-08-16 09:24:41.055 | INFO     | mini.library:get_monitoring:318 - HTML Save (3.56s)
2022-08-16 09:24:41.609 | INFO     | mini.library:get_monitoring:324 - Status : 200 (4.11s)
2022-08-16 09:24:41.735 | INFO     | mini.library:test:1228 - Uptime Mini는 URL Health Check Agent 입니다.
            
■ 기능설명
- 시뮬레이션 방식으로 브라우져가 URL을 접속하여 확인
- 최종 URL(redirect)의 이미지 캡쳐
 (정상 상태의 이미지와 비교하여 유사도 체크)
- 최종 URL의 상태코드를 확인
 (200 정상, 404 페이지 찾을수 없음 등..)
- 최종 URL의 html 소스코드를 저장
 (정상 상태의 html과 비교하여 유사도 체크)

■ 검색조건 : 카테고리, 사이트명, URL명 등 설정

■ 동작 방법
- 반복 점검 : 전체 검색결과를 반복해서 점검
- 비활성화 URL 점검 : 일시적으로 비활성화된 URL도 점검함
- 백그라운드 실행 : 브라우져가 화면에서 실행되지 않음
- 타임아웃 : 브라우져로 URL이 열리기까지의 타임아웃 시간(초)Uptime Mini는 URL Health Check Agent 입니다.
            
■ 기능설명
- 시뮬레이션 방식으로 브라우져가 URL을 접속하여 확인
- 최종 URL(redirect)의 이미지 캡쳐
 (정상 상태의 이미지와 비교하여 유사도 체크)
- 최종 URL의 상태코드를 확인
 (200 정상, 404 페이지 찾을수 없음 등..)
- 최종 URL의 html 소스코드를 저장
 (정상 상태의 html과 비교하여 유사도 체크)

■ 검색조건 : 카테고리, 사이트명, URL명 등 설정

■ 동작 방법
- 반복 점검 : 전체 검색결과를 반복해서 점검
- 비활성화 URL 점검 : 일시적으로 비활성화된 URL도 점검함
- 백그라운드 실행 : 브라우져가 화면에서 실행되지 않음
- 타임아웃 : 브라우져로 URL이 열리기까지의 타임아웃 시간(초)Uptime Mini는 URL Health Check Agent 입니다.
            
■ 기능설명
- 시뮬레이션 방식으로 브라우져가 URL을 접속하여 확인
- 최종 URL(redirect)의 이미지 캡쳐
 (정상 상태의 이미지와 비교하여 유사도 체크)
- 최종 URL의 상태코드를 확인
 (200 정상, 404 페이지 찾을수 없음 등..)
- 최종 URL의 html 소스코드를 저장
 (정상 상태의 html과 비교하여 유사도 체크)

■ 검색조건 : 카테고리, 사이트명, URL명 등 설정

■ 동작 방법
- 반복 점검 : 전체 검색결과를 반복해서 점검
- 비활성화 URL 점검 : 일시적으로 비활성화된 URL도 점검함
- 백그라운드 실행 : 브라우져가 화면에서 실행되지 않음
- 타임아웃 : 브라우져로 URL이 열리기까지의 타임아웃 시간(초)Uptime Mini는 URL Health Check Agent 입니다.
            
■ 기능설명
- 시뮬레이션 방식으로 브라우져가 URL을 접속하여 확인
- 최종 URL(redirect)의 이미지 캡쳐
 (정상 상태의 이미지와 비교하여 유사도 체크)
- 최종 URL의 상태코드를 확인
 (200 정상, 404 페이지 찾을수 없음 등..)
- 최종 URL의 html 소스코드를 저장
 (정상 상태의 html과 비교하여 유사도 체크)

■ 검색조건 : 카테고리, 사이트명, URL명 등 설정

■ 동작 방법
- 반복 점검 : 전체 검색결과를 반복해서 점검
- 비활성화 URL 점검 : 일시적으로 비활성화된 URL도 점검함
- 백그라운드 실행 : 브라우져가 화면에서 실행되지 않음
- 타임아웃 : 브라우져로 URL이 열리기까지의 타임아웃 시간(초)Uptime Mini는 URL Health Check Agent 입니다.
            
■ 기능설명
- 시뮬레이션 방식으로 브라우져가 URL을 접속하여 확인
- 최종 URL(redirect)의 이미지 캡쳐
 (정상 상태의 이미지와 비교하여 유사도 체크)
- 최종 URL의 상태코드를 확인
 (200 정상, 404 페이지 찾을수 없음 등..)
- 최종 URL의 html 소스코드를 저장
 (정상 상태의 html과 비교하여 유사도 체크)

■ 검색조건 : 카테고리, 사이트명, URL명 등 설정

■ 동작 방법
- 반복 점검 : 전체 검색결과를 반복해서 점검
- 비활성화 URL 점검 : 일시적으로 비활성화된 URL도 점검함
- 백그라운드 실행 : 브라우져가 화면에서 실행되지 않음
- 타임아웃 : 브라우져로 URL이 열리기까지의 타임아웃 시간(초)Uptime Mini는 URL Health Check Agent 입니다.
            
■ 기능설명
- 시뮬레이션 방식으로 브라우져가 URL을 접속하여 확인
- 최종 URL(redirect)의 이미지 캡쳐
 (정상 상태의 이미지와 비교하여 유사도 체크)
- 최종 URL의 상태코드를 확인
 (200 정상, 404 페이지 찾을수 없음 등..)
- 최종 URL의 html 소스코드를 저장
 (정상 상태의 html과 비교하여 유사도 체크)

■ 검색조건 : 카테고리, 사이트명, URL명 등 설정

■ 동작 방법
- 반복 점검 : 전체 검색결과를 반복해서 점검
- 비활성화 URL 점검 : 일시적으로 비활성화된 URL도 점검함
- 백그라운드 실행 : 브라우져가 화면에서 실행되지 않음
- 타임아웃 : 브라우져로 URL이 열리기까지의 타임아웃 시간(초)Uptime Mini는 URL Health Check Agent 입니다.
            
■ 기능설명
- 시뮬레이션 방식으로 브라우져가 URL을 접속하여 확인
- 최종 URL(redirect)의 이미지 캡쳐
 (정상 상태의 이미지와 비교하여 유사도 체크)
- 최종 URL의 상태코드를 확인
 (200 정상, 404 페이지 찾을수 없음 등..)
- 최종 URL의 html 소스코드를 저장
 (정상 상태의 html과 비교하여 유사도 체크)

■ 검색조건 : 카테고리, 사이트명, URL명 등 설정

■ 동작 방법
- 반복 점검 : 전체 검색결과를 반복해서 점검
- 비활성화 URL 점검 : 일시적으로 비활성화된 URL도 점검함
- 백그라운드 실행 : 브라우져가 화면에서 실행되지 않음
- 타임아웃 : 브라우져로 URL이 열리기까지의 타임아웃 시간(초)Uptime Mini는 URL Health Check Agent 입니다.
            
■ 기능설명
- 시뮬레이션 방식으로 브라우져가 URL을 접속하여 확인
- 최종 URL(redirect)의 이미지 캡쳐
 (정상 상태의 이미지와 비교하여 유사도 체크)
- 최종 URL의 상태코드를 확인
 (200 정상, 404 페이지 찾을수 없음 등..)
- 최종 URL의 html 소스코드를 저장
 (정상 상태의 html과 비교하여 유사도 체크)

■ 검색조건 : 카테고리, 사이트명, URL명 등 설정

■ 동작 방법
- 반복 점검 : 전체 검색결과를 반복해서 점검
- 비활성화 URL 점검 : 일시적으로 비활성화된 URL도 점검함
- 백그라운드 실행 : 브라우져가 화면에서 실행되지 않음
- 타임아웃 : 브라우져로 URL이 열리기까지의 타임아웃 시간(초)Uptime Mini는 URL Health Check Agent 입니다.
            
■ 기능설명
- 시뮬레이션 방식으로 브라우져가 URL을 접속하여 확인
- 최종 URL(redirect)의 이미지 캡쳐
 (정상 상태의 이미지와 비교하여 유사도 체크)
- 최종 URL의 상태코드를 확인
 (200 정상, 404 페이지 찾을수 없음 등..)
- 최종 URL의 html 소스코드를 저장
 (정상 상태의 html과 비교하여 유사도 체크)

■ 검색조건 : 카테고리, 사이트명, URL명 등 설정

■ 동작 방법
- 반복 점검 : 전체 검색결과를 반복해서 점검
- 비활성화 URL 점검 : 일시적으로 비활성화된 URL도 점검함
- 백그라운드 실행 : 브라우져가 화면에서 실행되지 않음
- 타임아웃 : 브라우져로 URL이 열리기까지의 타임아웃 시간(초)Uptime Mini는 URL Health Check Agent 입니다.
            
■ 기능설명
- 시뮬레이션 방식으로 브라우져가 URL을 접속하여 확인
- 최종 URL(redirect)의 이미지 캡쳐
 (정상 상태의 이미지와 비교하여 유사도 체크)
- 최종 URL의 상태코드를 확인
 (200 정상, 404 페이지 찾을수 없음 등..)
- 최종 URL의 html 소스코드를 저장
 (정상 상태의 html과 비교하여 유사도 체크)

■ 검색조건 : 카테고리, 사이트명, URL명 등 설정

■ 동작 방법
- 반복 점검 : 전체 검색결과를 반복해서 점검
- 비활성화 URL 점검 : 일시적으로 비활성화된 URL도 점검함
- 백그라운드 실행 : 브라우져가 화면에서 실행되지 않음
- 타임아웃 : 브라우져로 URL이 열리기까지의 타임아웃 시간(초)Uptime Mini는 URL Health Check Agent 입니다.
            
■ 기능설명
- 시뮬레이션 방식으로 브라우져가 URL을 접속하여 확인
- 최종 URL(redirect)의 이미지 캡쳐
 (정상 상태의 이미지와 비교하여 유사도 체크)
- 최종 URL의 상태코드를 확인
 (200 정상, 404 페이지 찾을수 없음 등..)
- 최종 URL의 html 소스코드를 저장
 (정상 상태의 html과 비교하여 유사도 체크)

■ 검색조건 : 카테고리, 사이트명, URL명 등 설정

■ 동작 방법
- 반복 점검 : 전체 검색결과를 반복해서 점검
- 비활성화 URL 점검 : 일시적으로 비활성화된 URL도 점검함
- 백그라운드 실행 : 브라우져가 화면에서 실행되지 않음
- 타임아웃 : 브라우져로 URL이 열리기까지의 타임아웃 시간(초)Uptime Mini는 URL Health Check Agent 입니다.
            
■ 기능설명
- 시뮬레이션 방식으로 브라우져가 URL을 접속하여 확인
- 최종 URL(redirect)의 이미지 캡쳐
 (정상 상태의 이미지와 비교하여 유사도 체크)
- 최종 URL의 상태코드를 확인
 (200 정상, 404 페이지 찾을수 없음 등..)
- 최종 URL의 html 소스코드를 저장
 (정상 상태의 html과 비교하여 유사도 체크)

■ 검색조건 : 카테고리, 사이트명, URL명 등 설정

■ 동작 방법
- 반복 점검 : 전체 검색결과를 반복해서 점검
- 비활성화 URL 점검 : 일시적으로 비활성화된 URL도 점검함
- 백그라운드 실행 : 브라우져가 화면에서 실행되지 않음
- 타임아웃 : 브라우져로 URL이 열리기까지의 타임아웃 시간(초)Uptime Mini는 URL Health Check Agent 입니다.
            
■ 기능설명
- 시뮬레이션 방식으로 브라우져가 URL을 접속하여 확인
- 최종 URL(redirect)의 이미지 캡쳐
 (정상 상태의 이미지와 비교하여 유사도 체크)
- 최종 URL의 상태코드를 확인
 (200 정상, 404 페이지 찾을수 없음 등..)
- 최종 URL의 html 소스코드를 저장
 (정상 상태의 html과 비교하여 유사도 체크)

■ 검색조건 : 카테고리, 사이트명, URL명 등 설정

■ 동작 방법
- 반복 점검 : 전체 검색결과를 반복해서 점검
- 비활성화 URL 점검 : 일시적으로 비활성화된 URL도 점검함
- 백그라운드 실행 : 브라우져가 화면에서 실행되지 않음
- 타임아웃 : 브라우져로 URL이 열리기까지의 타임아웃 시간(초)Uptime Mini는 URL Health Check Agent 입니다.
            
■ 기능설명
- 시뮬레이션 방식으로 브라우져가 URL을 접속하여 확인
- 최종 URL(redirect)의 이미지 캡쳐
 (정상 상태의 이미지와 비교하여 유사도 체크)
- 최종 URL의 상태코드를 확인
 (200 정상, 404 페이지 찾을수 없음 등..)
- 최종 URL의 html 소스코드를 저장
 (정상 상태의 html과 비교하여 유사도 체크)

■ 검색조건 : 카테고리, 사이트명, URL명 등 설정

■ 동작 방법
- 반복 점검 : 전체 검색결과를 반복해서 점검
- 비활성화 URL 점검 : 일시적으로 비활성화된 URL도 점검함
- 백그라운드 실행 : 브라우져가 화면에서 실행되지 않음
- 타임아웃 : 브라우져로 URL이 열리기까지의 타임아웃 시간(초)Uptime Mini는 URL Health Check Agent 입니다.
            
■ 기능설명
- 시뮬레이션 방식으로 브라우져가 URL을 접속하여 확인
- 최종 URL(redirect)의 이미지 캡쳐
 (정상 상태의 이미지와 비교하여 유사도 체크)
- 최종 URL의 상태코드를 확인
 (200 정상, 404 페이지 찾을수 없음 등..)
- 최종 URL의 html 소스코드를 저장
 (정상 상태의 html과 비교하여 유사도 체크)

■ 검색조건 : 카테고리, 사이트명, URL명 등 설정

■ 동작 방법
- 반복 점검 : 전체 검색결과를 반복해서 점검
- 비활성화 URL 점검 : 일시적으로 비활성화된 URL도 점검함
- 백그라운드 실행 : 브라우져가 화면에서 실행되지 않음
- 타임아웃 : 브라우져로 URL이 열리기까지의 타임아웃 시간(초)Uptime Mini는 URL Health Check Agent 입니다.
            
■ 기능설명
- 시뮬레이션 방식으로 브라우져가 URL을 접속하여 확인
- 최종 URL(redirect)의 이미지 캡쳐
 (정상 상태의 이미지와 비교하여 유사도 체크)
- 최종 URL의 상태코드를 확인
 (200 정상, 404 페이지 찾을수 없음 등..)
- 최종 URL의 html 소스코드를 저장
 (정상 상태의 html과 비교하여 유사도 체크)

■ 검색조건 : 카테고리, 사이트명, URL명 등 설정

■ 동작 방법
- 반복 점검 : 전체 검색결과를 반복해서 점검
- 비활성화 URL 점검 : 일시적으로 비활성화된 URL도 점검함
- 백그라운드 실행 : 브라우져가 화면에서 실행되지 않음
- 타임아웃 : 브라우져로 URL이 열리기까지의 타임아웃 시간(초)Uptime Mini는 URL Health Check Agent 입니다.
            
■ 기능설명
- 시뮬레이션 방식으로 브라우져가 URL을 접속하여 확인
- 최종 URL(redirect)의 이미지 캡쳐
 (정상 상태의 이미지와 비교하여 유사도 체크)
- 최종 URL의 상태코드를 확인
 (200 정상, 404 페이지 찾을수 없음 등..)
- 최종 URL의 html 소스코드를 저장
 (정상 상태의 html과 비교하여 유사도 체크)

■ 검색조건 : 카테고리, 사이트명, URL명 등 설정

■ 동작 방법
- 반복 점검 : 전체 검색결과를 반복해서 점검
- 비활성화 URL 점검 : 일시적으로 비활성화된 URL도 점검함
- 백그라운드 실행 : 브라우져가 화면에서 실행되지 않음
- 타임아웃 : 브라우져로 URL이 열리기까지의 타임아웃 시간(초)Uptime Mini는 URL Health Check Agent 입니다.
            
■ 기능설명
- 시뮬레이션 방식으로 브라우져가 URL을 접속하여 확인
- 최종 URL(redirect)의 이미지 캡쳐
 (정상 상태의 이미지와 비교하여 유사도 체크)
- 최종 URL의 상태코드를 확인
 (200 정상, 404 페이지 찾을수 없음 등..)
- 최종 URL의 html 소스코드를 저장
 (정상 상태의 html과 비교하여 유사도 체크)

■ 검색조건 : 카테고리, 사이트명, URL명 등 설정

■ 동작 방법
- 반복 점검 : 전체 검색결과를 반복해서 점검
- 비활성화 URL 점검 : 일시적으로 비활성화된 URL도 점검함
- 백그라운드 실행 : 브라우져가 화면에서 실행되지 않음
- 타임아웃 : 브라우져로 URL이 열리기까지의 타임아웃 시간(초)Uptime Mini는 URL Health Check Agent 입니다.
            
■ 기능설명
- 시뮬레이션 방식으로 브라우져가 URL을 접속하여 확인
- 최종 URL(redirect)의 이미지 캡쳐
 (정상 상태의 이미지와 비교하여 유사도 체크)
- 최종 URL의 상태코드를 확인
 (200 정상, 404 페이지 찾을수 없음 등..)
- 최종 URL의 html 소스코드를 저장
 (정상 상태의 html과 비교하여 유사도 체크)

■ 검색조건 : 카테고리, 사이트명, URL명 등 설정

■ 동작 방법
- 반복 점검 : 전체 검색결과를 반복해서 점검
- 비활성화 URL 점검 : 일시적으로 비활성화된 URL도 점검함
- 백그라운드 실행 : 브라우져가 화면에서 실행되지 않음
- 타임아웃 : 브라우져로 URL이 열리기까지의 타임아웃 시간(초)Uptime Mini는 URL Health Check Agent 입니다.
            
■ 기능설명
- 시뮬레이션 방식으로 브라우져가 URL을 접속하여 확인
- 최종 URL(redirect)의 이미지 캡쳐
 (정상 상태의 이미지와 비교하여 유사도 체크)
- 최종 URL의 상태코드를 확인
 (200 정상, 404 페이지 찾을수 없음 등..)
- 최종 URL의 html 소스코드를 저장
 (정상 상태의 html과 비교하여 유사도 체크)

■ 검색조건 : 카테고리, 사이트명, URL명 등 설정

■ 동작 방법
- 반복 점검 : 전체 검색결과를 반복해서 점검
- 비활성화 URL 점검 : 일시적으로 비활성화된 URL도 점검함
- 백그라운드 실행 : 브라우져가 화면에서 실행되지 않음
- 타임아웃 : 브라우져로 URL이 열리기까지의 타임아웃 시간(초)Uptime Mini는 URL Health Check Agent 입니다.
            
■ 기능설명
- 시뮬레이션 방식으로 브라우져가 URL을 접속하여 확인
- 최종 URL(redirect)의 이미지 캡쳐
 (정상 상태의 이미지와 비교하여 유사도 체크)
- 최종 URL의 상태코드를 확인
 (200 정상, 404 페이지 찾을수 없음 등..)
- 최종 URL의 html 소스코드를 저장
 (정상 상태의 html과 비교하여 유사도 체크)

■ 검색조건 : 카테고리, 사이트명, URL명 등 설정

■ 동작 방법
- 반복 점검 : 전체 검색결과를 반복해서 점검
- 비활성화 URL 점검 : 일시적으로 비활성화된 URL도 점검함
- 백그라운드 실행 : 브라우져가 화면에서 실행되지 않음
- 타임아웃 : 브라우져로 URL이 열리기까지의 타임아웃 시간(초)Uptime Mini는 URL Health Check Agent 입니다.
            
■ 기능설명
- 시뮬레이션 방식으로 브라우져가 URL을 접속하여 확인
- 최종 URL(redirect)의 이미지 캡쳐
 (정상 상태의 이미지와 비교하여 유사도 체크)
- 최종 URL의 상태코드를 확인
 (200 정상, 404 페이지 찾을수 없음 등..)
- 최종 URL의 html 소스코드를 저장
 (정상 상태의 html과 비교하여 유사도 체크)

■ 검색조건 : 카테고리, 사이트명, URL명 등 설정

■ 동작 방법
- 반복 점검 : 전체 검색결과를 반복해서 점검
- 비활성화 URL 점검 : 일시적으로 비활성화된 URL도 점검함
- 백그라운드 실행 : 브라우져가 화면에서 실행되지 않음
- 타임아웃 : 브라우져로 URL이 열리기까지의 타임아웃 시간(초)Uptime Mini는 URL Health Check Agent 입니다.
            
■ 기능설명
- 시뮬레이션 방식으로 브라우져가 URL을 접속하여 확인
- 최종 URL(redirect)의 이미지 캡쳐
 (정상 상태의 이미지와 비교하여 유사도 체크)
- 최종 URL의 상태코드를 확인
 (200 정상, 404 페이지 찾을수 없음 등..)
- 최종 URL의 html 소스코드를 저장
 (정상 상태의 html과 비교하여 유사도 체크)

■ 검색조건 : 카테고리, 사이트명, URL명 등 설정

■ 동작 방법
- 반복 점검 : 전체 검색결과를 반복해서 점검
- 비활성화 URL 점검 : 일시적으로 비활성화된 URL도 점검함
- 백그라운드 실행 : 브라우져가 화면에서 실행되지 않음
- 타임아웃 : 브라우져로 URL이 열리기까지의 타임아웃 시간(초)Uptime Mini는 URL Health Check Agent 입니다.
            
■ 기능설명
- 시뮬레이션 방식으로 브라우져가 URL을 접속하여 확인
- 최종 URL(redirect)의 이미지 캡쳐
 (정상 상태의 이미지와 비교하여 유사도 체크)
- 최종 URL의 상태코드를 확인
 (200 정상, 404 페이지 찾을수 없음 등..)
- 최종 URL의 html 소스코드를 저장
 (정상 상태의 html과 비교하여 유사도 체크)

■ 검색조건 : 카테고리, 사이트명, URL명 등 설정

■ 동작 방법
- 반복 점검 : 전체 검색결과를 반복해서 점검
- 비활성화 URL 점검 : 일시적으로 비활성화된 URL도 점검함
- 백그라운드 실행 : 브라우져가 화면에서 실행되지 않음
- 타임아웃 : 브라우져로 URL이 열리기까지의 타임아웃 시간(초)Uptime Mini는 URL Health Check Agent 입니다.
            
■ 기능설명
- 시뮬레이션 방식으로 브라우져가 URL을 접속하여 확인
- 최종 URL(redirect)의 이미지 캡쳐
 (정상 상태의 이미지와 비교하여 유사도 체크)
- 최종 URL의 상태코드를 확인
 (200 정상, 404 페이지 찾을수 없음 등..)
- 최종 URL의 html 소스코드를 저장
 (정상 상태의 html과 비교하여 유사도 체크)

■ 검색조건 : 카테고리, 사이트명, URL명 등 설정

■ 동작 방법
- 반복 점검 : 전체 검색결과를 반복해서 점검
- 비활성화 URL 점검 : 일시적으로 비활성화된 URL도 점검함
- 백그라운드 실행 : 브라우져가 화면에서 실행되지 않음
- 타임아웃 : 브라우져로 URL이 열리기까지의 타임아웃 시간(초)Uptime Mini는 URL Health Check Agent 입니다.
            
■ 기능설명
- 시뮬레이션 방식으로 브라우져가 URL을 접속하여 확인
- 최종 URL(redirect)의 이미지 캡쳐
 (정상 상태의 이미지와 비교하여 유사도 체크)
- 최종 URL의 상태코드를 확인
 (200 정상, 404 페이지 찾을수 없음 등..)
- 최종 URL의 html 소스코드를 저장
 (정상 상태의 html과 비교하여 유사도 체크)

■ 검색조건 : 카테고리, 사이트명, URL명 등 설정

■ 동작 방법
- 반복 점검 : 전체 검색결과를 반복해서 점검
- 비활성화 URL 점검 : 일시적으로 비활성화된 URL도 점검함
- 백그라운드 실행 : 브라우져가 화면에서 실행되지 않음
- 타임아웃 : 브라우져로 URL이 열리기까지의 타임아웃 시간(초)Uptime Mini는 URL Health Check Agent 입니다.
            
■ 기능설명
- 시뮬레이션 방식으로 브라우져가 URL을 접속하여 확인
- 최종 URL(redirect)의 이미지 캡쳐
 (정상 상태의 이미지와 비교하여 유사도 체크)
- 최종 URL의 상태코드를 확인
 (200 정상, 404 페이지 찾을수 없음 등..)
- 최종 URL의 html 소스코드를 저장
 (정상 상태의 html과 비교하여 유사도 체크)

■ 검색조건 : 카테고리, 사이트명, URL명 등 설정

■ 동작 방법
- 반복 점검 : 전체 검색결과를 반복해서 점검
- 비활성화 URL 점검 : 일시적으로 비활성화된 URL도 점검함
- 백그라운드 실행 : 브라우져가 화면에서 실행되지 않음
- 타임아웃 : 브라우져로 URL이 열리기까지의 타임아웃 시간(초)Uptime Mini는 URL Health Check Agent 입니다.
            
■ 기능설명
- 시뮬레이션 방식으로 브라우져가 URL을 접속하여 확인
- 최종 URL(redirect)의 이미지 캡쳐
 (정상 상태의 이미지와 비교하여 유사도 체크)
- 최종 URL의 상태코드를 확인
 (200 정상, 404 페이지 찾을수 없음 등..)
- 최종 URL의 html 소스코드를 저장
 (정상 상태의 html과 비교하여 유사도 체크)

■ 검색조건 : 카테고리, 사이트명, URL명 등 설정

■ 동작 방법
- 반복 점검 : 전체 검색결과를 반복해서 점검
- 비활성화 URL 점검 : 일시적으로 비활성화된 URL도 점검함
- 백그라운드 실행 : 브라우져가 화면에서 실행되지 않음
- 타임아웃 : 브라우져로 URL이 열리기까지의 타임아웃 시간(초)Uptime Mini는 URL Health Check Agent 입니다.
            
■ 기능설명
- 시뮬레이션 방식으로 브라우져가 URL을 접속하여 확인
- 최종 URL(redirect)의 이미지 캡쳐
 (정상 상태의 이미지와 비교하여 유사도 체크)
- 최종 URL의 상태코드를 확인
 (200 정상, 404 페이지 찾을수 없음 등..)
- 최종 URL의 html 소스코드를 저장
 (정상 상태의 html과 비교하여 유사도 체크)

■ 검색조건 : 카테고리, 사이트명, URL명 등 설정

■ 동작 방법
- 반복 점검 : 전체 검색결과를 반복해서 점검
- 비활성화 URL 점검 : 일시적으로 비활성화된 URL도 점검함
- 백그라운드 실행 : 브라우져가 화면에서 실행되지 않음
- 타임아웃 : 브라우져로 URL이 열리기까지의 타임아웃 시간(초)Uptime Mini는 URL Health Check Agent 입니다.
            
■ 기능설명
- 시뮬레이션 방식으로 브라우져가 URL을 접속하여 확인
- 최종 URL(redirect)의 이미지 캡쳐
 (정상 상태의 이미지와 비교하여 유사도 체크)
- 최종 URL의 상태코드를 확인
 (200 정상, 404 페이지 찾을수 없음 등..)
- 최종 URL의 html 소스코드를 저장
 (정상 상태의 html과 비교하여 유사도 체크)

■ 검색조건 : 카테고리, 사이트명, URL명 등 설정

■ 동작 방법
- 반복 점검 : 전체 검색결과를 반복해서 점검
- 비활성화 URL 점검 : 일시적으로 비활성화된 URL도 점검함
- 백그라운드 실행 : 브라우져가 화면에서 실행되지 않음
- 타임아웃 : 브라우져로 URL이 열리기까지의 타임아웃 시간(초)Uptime Mini는 URL Health Check Agent 입니다.
            
■ 기능설명
- 시뮬레이션 방식으로 브라우져가 URL을 접속하여 확인
- 최종 URL(redirect)의 이미지 캡쳐
 (정상 상태의 이미지와 비교하여 유사도 체크)
- 최종 URL의 상태코드를 확인
 (200 정상, 404 페이지 찾을수 없음 등..)
- 최종 URL의 html 소스코드를 저장
 (정상 상태의 html과 비교하여 유사도 체크)

■ 검색조건 : 카테고리, 사이트명, URL명 등 설정

■ 동작 방법
- 반복 점검 : 전체 검색결과를 반복해서 점검
- 비활성화 URL 점검 : 일시적으로 비활성화된 URL도 점검함
- 백그라운드 실행 : 브라우져가 화면에서 실행되지 않음
- 타임아웃 : 브라우져로 URL이 열리기까지의 타임아웃 시간(초)Uptime Mini는 URL Health Check Agent 입니다.
            
■ 기능설명
- 시뮬레이션 방식으로 브라우져가 URL을 접속하여 확인
- 최종 URL(redirect)의 이미지 캡쳐
 (정상 상태의 이미지와 비교하여 유사도 체크)
- 최종 URL의 상태코드를 확인
 (200 정상, 404 페이지 찾을수 없음 등..)
- 최종 URL의 html 소스코드를 저장
 (정상 상태의 html과 비교하여 유사도 체크)

■ 검색조건 : 카테고리, 사이트명, URL명 등 설정

■ 동작 방법
- 반복 점검 : 전체 검색결과를 반복해서 점검
- 비활성화 URL 점검 : 일시적으로 비활성화된 URL도 점검함
- 백그라운드 실행 : 브라우져가 화면에서 실행되지 않음
- 타임아웃 : 브라우져로 URL이 열리기까지의 타임아웃 시간(초)Uptime Mini는 URL Health Check Agent 입니다.
            
■ 기능설명
- 시뮬레이션 방식으로 브라우져가 URL을 접속하여 확인
- 최종 URL(redirect)의 이미지 캡쳐
 (정상 상태의 이미지와 비교하여 유사도 체크)
- 최종 URL의 상태코드를 확인
 (200 정상, 404 페이지 찾을수 없음 등..)
- 최종 URL의 html 소스코드를 저장
 (정상 상태의 html과 비교하여 유사도 체크)

■ 검색조건 : 카테고리, 사이트명, URL명 등 설정

■ 동작 방법
- 반복 점검 : 전체 검색결과를 반복해서 점검
- 비활성화 URL 점검 : 일시적으로 비활성화된 URL도 점검함
- 백그라운드 실행 : 브라우져가 화면에서 실행되지 않음
- 타임아웃 : 브라우져로 URL이 열리기까지의 타임아웃 시간(초)Uptime Mini는 URL Health Check Agent 입니다.
            
■ 기능설명
- 시뮬레이션 방식으로 브라우져가 URL을 접속하여 확인
- 최종 URL(redirect)의 이미지 캡쳐
 (정상 상태의 이미지와 비교하여 유사도 체크)
- 최종 URL의 상태코드를 확인
 (200 정상, 404 페이지 찾을수 없음 등..)
- 최종 URL의 html 소스코드를 저장
 (정상 상태의 html과 비교하여 유사도 체크)

■ 검색조건 : 카테고리, 사이트명, URL명 등 설정

■ 동작 방법
- 반복 점검 : 전체 검색결과를 반복해서 점검
- 비활성화 URL 점검 : 일시적으로 비활성화된 URL도 점검함
- 백그라운드 실행 : 브라우져가 화면에서 실행되지 않음
- 타임아웃 : 브라우져로 URL이 열리기까지의 타임아웃 시간(초)Uptime Mini는 URL Health Check Agent 입니다.
            
■ 기능설명
- 시뮬레이션 방식으로 브라우져가 URL을 접속하여 확인
- 최종 URL(redirect)의 이미지 캡쳐
 (정상 상태의 이미지와 비교하여 유사도 체크)
- 최종 URL의 상태코드를 확인
 (200 정상, 404 페이지 찾을수 없음 등..)
- 최종 URL의 html 소스코드를 저장
 (정상 상태의 html과 비교하여 유사도 체크)

■ 검색조건 : 카테고리, 사이트명, URL명 등 설정

■ 동작 방법
- 반복 점검 : 전체 검색결과를 반복해서 점검
- 비활성화 URL 점검 : 일시적으로 비활성화된 URL도 점검함
- 백그라운드 실행 : 브라우져가 화면에서 실행되지 않음
- 타임아웃 : 브라우져로 URL이 열리기까지의 타임아웃 시간(초)Uptime Mini는 URL Health Check Agent 입니다.
            
■ 기능설명
- 시뮬레이션 방식으로 브라우져가 URL을 접속하여 확인
- 최종 URL(redirect)의 이미지 캡쳐
 (정상 상태의 이미지와 비교하여 유사도 체크)
- 최종 URL의 상태코드를 확인
 (200 정상, 404 페이지 찾을수 없음 등..)
- 최종 URL의 html 소스코드를 저장
 (정상 상태의 html과 비교하여 유사도 체크)

■ 검색조건 : 카테고리, 사이트명, URL명 등 설정

■ 동작 방법
- 반복 점검 : 전체 검색결과를 반복해서 점검
- 비활성화 URL 점검 : 일시적으로 비활성화된 URL도 점검함
- 백그라운드 실행 : 브라우져가 화면에서 실행되지 않음
- 타임아웃 : 브라우져로 URL이 열리기까지의 타임아웃 시간(초)Uptime Mini는 URL Health Check Agent 입니다.
            
■ 기능설명
- 시뮬레이션 방식으로 브라우져가 URL을 접속하여 확인
- 최종 URL(redirect)의 이미지 캡쳐
 (정상 상태의 이미지와 비교하여 유사도 체크)
- 최종 URL의 상태코드를 확인
 (200 정상, 404 페이지 찾을수 없음 등..)
- 최종 URL의 html 소스코드를 저장
 (정상 상태의 html과 비교하여 유사도 체크)

■ 검색조건 : 카테고리, 사이트명, URL명 등 설정

■ 동작 방법
- 반복 점검 : 전체 검색결과를 반복해서 점검
- 비활성화 URL 점검 : 일시적으로 비활성화된 URL도 점검함
- 백그라운드 실행 : 브라우져가 화면에서 실행되지 않음
- 타임아웃 : 브라우져로 URL이 열리기까지의 타임아웃 시간(초)Uptime Mini는 URL Health Check Agent 입니다.
            
■ 기능설명
- 시뮬레이션 방식으로 브라우져가 URL을 접속하여 확인
- 최종 URL(redirect)의 이미지 캡쳐
 (정상 상태의 이미지와 비교하여 유사도 체크)
- 최종 URL의 상태코드를 확인
 (200 정상, 404 페이지 찾을수 없음 등..)
- 최종 URL의 html 소스코드를 저장
 (정상 상태의 html과 비교하여 유사도 체크)

■ 검색조건 : 카테고리, 사이트명, URL명 등 설정

■ 동작 방법
- 반복 점검 : 전체 검색결과를 반복해서 점검
- 비활성화 URL 점검 : 일시적으로 비활성화된 URL도 점검함
- 백그라운드 실행 : 브라우져가 화면에서 실행되지 않음
- 타임아웃 : 브라우져로 URL이 열리기까지의 타임아웃 시간(초)Uptime Mini는 URL Health Check Agent 입니다.
            
■ 기능설명
- 시뮬레이션 방식으로 브라우져가 URL을 접속하여 확인
- 최종 URL(redirect)의 이미지 캡쳐
 (정상 상태의 이미지와 비교하여 유사도 체크)
- 최종 URL의 상태코드를 확인
 (200 정상, 404 페이지 찾을수 없음 등..)
- 최종 URL의 html 소스코드를 저장
 (정상 상태의 html과 비교하여 유사도 체크)

■ 검색조건 : 카테고리, 사이트명, URL명 등 설정

■ 동작 방법
- 반복 점검 : 전체 검색결과를 반복해서 점검
- 비활성화 URL 점검 : 일시적으로 비활성화된 URL도 점검함
- 백그라운드 실행 : 브라우져가 화면에서 실행되지 않음
- 타임아웃 : 브라우져로 URL이 열리기까지의 타임아웃 시간(초)Uptime Mini는 URL Health Check Agent 입니다.
            
■ 기능설명
- 시뮬레이션 방식으로 브라우져가 URL을 접속하여 확인
- 최종 URL(redirect)의 이미지 캡쳐
 (정상 상태의 이미지와 비교하여 유사도 체크)
- 최종 URL의 상태코드를 확인
 (200 정상, 404 페이지 찾을수 없음 등..)
- 최종 URL의 html 소스코드를 저장
 (정상 상태의 html과 비교하여 유사도 체크)

■ 검색조건 : 카테고리, 사이트명, URL명 등 설정

■ 동작 방법
- 반복 점검 : 전체 검색결과를 반복해서 점검
- 비활성화 URL 점검 : 일시적으로 비활성화된 URL도 점검함
- 백그라운드 실행 : 브라우져가 화면에서 실행되지 않음
- 타임아웃 : 브라우져로 URL이 열리기까지의 타임아웃 시간(초)Uptime Mini는 URL Health Check Agent 입니다.
            
■ 기능설명
- 시뮬레이션 방식으로 브라우져가 URL을 접속하여 확인
- 최종 URL(redirect)의 이미지 캡쳐
 (정상 상태의 이미지와 비교하여 유사도 체크)
- 최종 URL의 상태코드를 확인
 (200 정상, 404 페이지 찾을수 없음 등..)
- 최종 URL의 html 소스코드를 저장
 (정상 상태의 html과 비교하여 유사도 체크)

■ 검색조건 : 카테고리, 사이트명, URL명 등 설정

■ 동작 방법
- 반복 점검 : 전체 검색결과를 반복해서 점검
- 비활성화 URL 점검 : 일시적으로 비활성화된 URL도 점검함
- 백그라운드 실행 : 브라우져가 화면에서 실행되지 않음
- 타임아웃 : 브라우져로 URL이 열리기까지의 타임아웃 시간(초)Uptime Mini는 URL Health Check Agent 입니다.
            
■ 기능설명
- 시뮬레이션 방식으로 브라우져가 URL을 접속하여 확인
- 최종 URL(redirect)의 이미지 캡쳐
 (정상 상태의 이미지와 비교하여 유사도 체크)
- 최종 URL의 상태코드를 확인
 (200 정상, 404 페이지 찾을수 없음 등..)
- 최종 URL의 html 소스코드를 저장
 (정상 상태의 html과 비교하여 유사도 체크)

■ 검색조건 : 카테고리, 사이트명, URL명 등 설정

■ 동작 방법
- 반복 점검 : 전체 검색결과를 반복해서 점검
- 비활성화 URL 점검 : 일시적으로 비활성화된 URL도 점검함
- 백그라운드 실행 : 브라우져가 화면에서 실행되지 않음
- 타임아웃 : 브라우져로 URL이 열리기까지의 타임아웃 시간(초)Uptime Mini는 URL Health Check Agent 입니다.
            
■ 기능설명
- 시뮬레이션 방식으로 브라우져가 URL을 접속하여 확인
- 최종 URL(redirect)의 이미지 캡쳐
 (정상 상태의 이미지와 비교하여 유사도 체크)
- 최종 URL의 상태코드를 확인
 (200 정상, 404 페이지 찾을수 없음 등..)
- 최종 URL의 html 소스코드를 저장
 (정상 상태의 html과 비교하여 유사도 체크)

■ 검색조건 : 카테고리, 사이트명, URL명 등 설정

■ 동작 방법
- 반복 점검 : 전체 검색결과를 반복해서 점검
- 비활성화 URL 점검 : 일시적으로 비활성화된 URL도 점검함
- 백그라운드 실행 : 브라우져가 화면에서 실행되지 않음
- 타임아웃 : 브라우져로 URL이 열리기까지의 타임아웃 시간(초)Uptime Mini는 URL Health Check Agent 입니다.
            
■ 기능설명
- 시뮬레이션 방식으로 브라우져가 URL을 접속하여 확인
- 최종 URL(redirect)의 이미지 캡쳐
 (정상 상태의 이미지와 비교하여 유사도 체크)
- 최종 URL의 상태코드를 확인
 (200 정상, 404 페이지 찾을수 없음 등..)
- 최종 URL의 html 소스코드를 저장
 (정상 상태의 html과 비교하여 유사도 체크)

■ 검색조건 : 카테고리, 사이트명, URL명 등 설정

■ 동작 방법
- 반복 점검 : 전체 검색결과를 반복해서 점검
- 비활성화 URL 점검 : 일시적으로 비활성화된 URL도 점검함
- 백그라운드 실행 : 브라우져가 화면에서 실행되지 않음
- 타임아웃 : 브라우져로 URL이 열리기까지의 타임아웃 시간(초)Uptime Mini는 URL Health Check Agent 입니다.
            
■ 기능설명
- 시뮬레이션 방식으로 브라우져가 URL을 접속하여 확인
- 최종 URL(redirect)의 이미지 캡쳐
 (정상 상태의 이미지와 비교하여 유사도 체크)
- 최종 URL의 상태코드를 확인
 (200 정상, 404 페이지 찾을수 없음 등..)
- 최종 URL의 html 소스코드를 저장
 (정상 상태의 html과 비교하여 유사도 체크)

■ 검색조건 : 카테고리, 사이트명, URL명 등 설정

■ 동작 방법
- 반복 점검 : 전체 검색결과를 반복해서 점검
- 비활성화 URL 점검 : 일시적으로 비활성화된 URL도 점검함
- 백그라운드 실행 : 브라우져가 화면에서 실행되지 않음
- 타임아웃 : 브라우져로 URL이 열리기까지의 타임아웃 시간(초)Uptime Mini는 URL Health Check Agent 입니다.
            
■ 기능설명
- 시뮬레이션 방식으로 브라우져가 URL을 접속하여 확인
- 최종 URL(redirect)의 이미지 캡쳐
 (정상 상태의 이미지와 비교하여 유사도 체크)
- 최종 URL의 상태코드를 확인
 (200 정상, 404 페이지 찾을수 없음 등..)
- 최종 URL의 html 소스코드를 저장
 (정상 상태의 html과 비교하여 유사도 체크)

■ 검색조건 : 카테고리, 사이트명, URL명 등 설정

■ 동작 방법
- 반복 점검 : 전체 검색결과를 반복해서 점검
- 비활성화 URL 점검 : 일시적으로 비활성화된 URL도 점검함
- 백그라운드 실행 : 브라우져가 화면에서 실행되지 않음
- 타임아웃 : 브라우져로 URL이 열리기까지의 타임아웃 시간(초)
            
2022-08-16 09:24:41.804 | INFO     | mini.library:get_monitoring:258 - ---- URL Health Check Start [33/33] ----
2022-08-16 09:24:41.835 | INFO     | mini.library:get_monitoring:270 - url_get(1/2) https://www.kipo.go.kr/ (0.0s)
2022-08-16 09:24:50.343 | INFO     | __main__:main:90 -  --- BUTTON_START --- 
2022-08-16 09:24:50.521 | INFO     | mini.library:getCondition:121 - --------- <모니터링 시작> ---------
2022-08-16 09:24:50.524 | INFO     | mini.library:getCondition:122 - - 카테고리 : 전 체
2022-08-16 09:24:50.526 | INFO     | mini.library:getCondition:123 - - 사이트명 : 
2022-08-16 09:24:50.529 | INFO     | mini.library:getCondition:124 - - URL명 : 
2022-08-16 09:24:50.532 | INFO     | mini.library:getCondition:125 - - 반복 점검 : False
2022-08-16 09:24:50.534 | INFO     | mini.library:getCondition:126 - - 비활성화 URL포함. : False
2022-08-16 09:24:50.536 | INFO     | mini.library:getCondition:127 - - 백그라운드 실행 : True
2022-08-16 09:24:50.538 | INFO     | mini.library:getCondition:128 - - 타임아웃 설정 : 10초
2022-08-16 09:24:53.885 | INFO     | mini.model:get_grp_url_list:62 - - SQL : select b.* from tb_group as a right outer join tb_url as b on a.grp_no = b.grp_no where b.url_fg=1
2022-08-16 09:24:53.894 | INFO     | mini.library:get_monitoring:148 - ☞  조회결과 : 33건
2022-08-16 09:24:53.943 | INFO     | mini.library:get_monitoring:162 - ---- URL Health Check Start [1/33] ----
2022-08-16 09:24:53.969 | INFO     | mini.library:get_monitoring:174 - url_get(1/2) http://abdg.kipris.or.kr (0.0s)
2022-08-16 09:24:54.170 | INFO     | mini.library:get_monitoring:177 - url_get(2/2) URL Loading (0.2s)
2022-08-16 09:24:54.204 | INFO     | mini.library:get_monitoring:186 - URL redirected : http://abdg.kipris.or.kr/abdg/searchLogina.do?next=MainSearch (0.26s)
2022-08-16 09:24:56.398 | INFO     | mini.library:get_monitoring:206 - Screenshot (2.46s)
2022-08-16 09:24:56.740 | INFO     | mini.library:get_monitoring:222 - HTML Save (2.8s)
2022-08-16 09:24:57.026 | INFO     | mini.library:get_monitoring:228 - Status : 200 (3.08s)
2022-08-16 09:24:57.181 | INFO     | mini.library:get_monitoring:162 - ---- URL Health Check Start [2/33] ----
2022-08-16 09:24:57.208 | INFO     | mini.library:get_monitoring:174 - url_get(1/2) http://abpat.kipris.or.kr (0.0s)
2022-08-16 09:24:58.627 | INFO     | mini.library:get_monitoring:177 - url_get(2/2) URL Loading (1.42s)
2022-08-16 09:24:58.634 | INFO     | mini.library:get_monitoring:186 - URL redirected : http://abpat.kipris.or.kr/abpat/searchLogina.do?next=MainSearch (1.45s)
2022-08-16 09:25:00.852 | INFO     | mini.library:get_monitoring:206 - Screenshot (3.67s)
2022-08-16 09:25:01.183 | INFO     | mini.library:get_monitoring:222 - HTML Save (4.0s)
2022-08-16 09:25:01.455 | INFO     | mini.library:get_monitoring:228 - Status : 200 (4.27s)
2022-08-16 09:25:01.639 | INFO     | mini.library:get_monitoring:162 - ---- URL Health Check Start [3/33] ----
2022-08-16 09:25:01.672 | INFO     | mini.library:get_monitoring:174 - url_get(1/2) http://ftc.go.kr (0.0s)
2022-08-16 09:25:04.948 | INFO     | mini.library:get_monitoring:177 - url_get(2/2) URL Loading (3.28s)
2022-08-16 09:25:04.957 | INFO     | mini.library:get_monitoring:186 - URL redirected : https://ftc.go.kr/ (3.32s)
2022-08-16 09:25:07.554 | INFO     | mini.library:get_monitoring:206 - Screenshot (5.91s)
2022-08-16 09:25:07.876 | INFO     | mini.library:get_monitoring:222 - HTML Save (6.24s)
2022-08-16 09:25:09.027 | INFO     | mini.library:get_monitoring:228 - Status : 200 (7.39s)
2022-08-16 09:25:09.213 | INFO     | mini.library:get_monitoring:162 - ---- URL Health Check Start [4/33] ----
2022-08-16 09:25:09.249 | INFO     | mini.library:get_monitoring:174 - url_get(1/2) http://cio.go.kr (0.0s)
2022-08-16 09:25:10.353 | INFO     | mini.library:get_monitoring:177 - url_get(2/2) URL Loading (1.1s)
2022-08-16 09:25:10.361 | INFO     | mini.library:get_monitoring:186 - URL redirected : https://cio.go.kr/ (1.15s)
2022-08-16 09:25:12.617 | INFO     | mini.library:get_monitoring:206 - Screenshot (3.4s)
2022-08-16 09:25:12.738 | INFO     | mini.library:get_monitoring:222 - HTML Save (3.53s)
2022-08-16 09:25:13.001 | INFO     | mini.library:get_monitoring:228 - Status : 200 (3.79s)
2022-08-16 09:25:13.198 | INFO     | mini.library:get_monitoring:162 - ---- URL Health Check Start [5/33] ----
2022-08-16 09:25:13.229 | INFO     | mini.library:get_monitoring:174 - url_get(1/2) http://mogef.go.kr (0.0s)
2022-08-16 09:25:15.510 | INFO     | mini.library:get_monitoring:177 - url_get(2/2) URL Loading (2.28s)
2022-08-16 09:25:15.521 | INFO     | mini.library:get_monitoring:186 - URL redirected : http://www.mogef.go.kr/ (2.32s)
2022-08-16 09:25:17.896 | INFO     | mini.library:get_monitoring:206 - Screenshot (4.7s)
2022-08-16 09:25:18.544 | INFO     | mini.library:get_monitoring:222 - HTML Save (5.35s)
2022-08-16 09:25:19.085 | INFO     | mini.library:get_monitoring:228 - Status : 200 (5.89s)
2022-08-16 09:25:19.255 | INFO     | mini.library:get_monitoring:162 - ---- URL Health Check Start [6/33] ----
2022-08-16 09:25:19.285 | INFO     | mini.library:get_monitoring:174 - url_get(1/2) http://moef.go.kr (0.0s)
2022-08-16 09:25:20.716 | INFO     | mini.library:get_monitoring:177 - url_get(2/2) URL Loading (1.43s)
2022-08-16 09:25:20.724 | INFO     | mini.library:get_monitoring:186 - URL redirected : https://www.moef.go.kr/ (1.47s)
2022-08-16 09:25:23.212 | INFO     | mini.library:get_monitoring:206 - Screenshot (3.96s)
2022-08-16 09:25:23.585 | INFO     | mini.library:get_monitoring:222 - HTML Save (4.33s)
2022-08-16 09:25:24.371 | INFO     | mini.library:get_monitoring:228 - Status : 200 (5.12s)
2022-08-16 09:25:24.514 | INFO     | mini.library:get_monitoring:162 - ---- URL Health Check Start [7/33] ----
2022-08-16 09:25:24.544 | INFO     | mini.library:get_monitoring:174 - url_get(1/2) http://moj.go.kr (0.0s)
2022-08-16 09:25:24.769 | INFO     | mini.library:get_monitoring:177 - url_get(2/2) URL Loading (0.23s)
2022-08-16 09:25:25.891 | INFO     | mini.library:get_monitoring:186 - URL redirected : https://www.moj.go.kr/moj/index.do (1.38s)
2022-08-16 09:25:28.454 | INFO     | mini.library:get_monitoring:206 - Screenshot (3.94s)
2022-08-16 09:25:28.872 | INFO     | mini.library:get_monitoring:222 - HTML Save (4.36s)
2022-08-16 09:25:30.164 | INFO     | mini.library:get_monitoring:228 - Status : 200 (5.65s)
2022-08-16 09:25:30.300 | INFO     | mini.library:get_monitoring:162 - ---- URL Health Check Start [8/33] ----
2022-08-16 09:25:30.330 | INFO     | mini.library:get_monitoring:174 - url_get(1/2) http://spo.go.kr (0.0s)
2022-08-16 09:25:34.533 | INFO     | mini.library:get_monitoring:177 - url_get(2/2) URL Loading (4.2s)
2022-08-16 09:25:34.540 | INFO     | mini.library:get_monitoring:186 - URL redirected : https://spo.go.kr/site/spo/main.do (4.24s)
2022-08-16 09:25:37.070 | INFO     | mini.library:get_monitoring:206 - Screenshot (6.77s)
2022-08-16 09:25:37.414 | INFO     | mini.library:get_monitoring:222 - HTML Save (7.11s)
2022-08-16 09:25:38.083 | INFO     | mini.library:get_monitoring:228 - Status : 200 (7.78s)
2022-08-16 09:25:38.243 | INFO     | mini.library:get_monitoring:162 - ---- URL Health Check Start [9/33] ----
2022-08-16 09:25:38.271 | INFO     | mini.library:get_monitoring:174 - url_get(1/2) https://gov.kr (0.0s)
2022-08-16 09:25:39.260 | INFO     | mini.library:get_monitoring:177 - url_get(2/2) URL Loading (0.99s)
2022-08-16 09:25:39.268 | INFO     | mini.library:get_monitoring:186 - URL redirected : https://www.gov.kr/portal/main (1.02s)
2022-08-16 09:25:41.500 | INFO     | mini.library:get_monitoring:206 - Screenshot (3.26s)
2022-08-16 09:25:41.778 | INFO     | mini.library:get_monitoring:222 - HTML Save (3.54s)
2022-08-16 09:25:42.000 | INFO     | mini.library:get_monitoring:228 - Status : 200 (3.76s)
2022-08-16 09:25:42.162 | INFO     | mini.library:get_monitoring:162 - ---- URL Health Check Start [10/33] ----
2022-08-16 09:25:42.187 | INFO     | mini.library:get_monitoring:174 - url_get(1/2) http://police.go.kr (0.0s)
2022-08-16 09:25:42.655 | INFO     | mini.library:get_monitoring:177 - url_get(2/2) URL Loading (0.47s)
2022-08-16 09:25:42.666 | INFO     | mini.library:get_monitoring:186 - URL redirected : https://www.police.go.kr/ (0.5s)
2022-08-16 09:25:44.845 | INFO     | mini.library:get_monitoring:206 - Screenshot (2.68s)
2022-08-16 09:25:44.897 | INFO     | mini.library:get_monitoring:222 - HTML Save (2.73s)
2022-08-16 09:25:45.101 | INFO     | mini.library:get_monitoring:228 - Status : 200 (2.94s)
2022-08-16 09:25:45.271 | INFO     | mini.library:get_monitoring:162 - ---- URL Health Check Start [11/33] ----
2022-08-16 09:25:45.302 | INFO     | mini.library:get_monitoring:174 - url_get(1/2) http://ais.koca.go.kr (0.0s)
2022-08-16 09:25:46.291 | INFO     | mini.library:get_monitoring:177 - url_get(2/2) URL Loading (0.99s)
2022-08-16 09:25:46.299 | INFO     | mini.library:get_monitoring:186 - URL redirected : http://ais.koca.go.kr/ (1.03s)
2022-08-16 09:25:48.531 | INFO     | mini.library:get_monitoring:206 - Screenshot (3.26s)
2022-08-16 09:25:48.559 | INFO     | mini.library:get_monitoring:222 - HTML Save (3.29s)
2022-08-16 09:25:48.631 | INFO     | mini.library:get_monitoring:228 - Status : 200 (3.36s)
2022-08-16 09:25:48.811 | INFO     | mini.library:get_monitoring:162 - ---- URL Health Check Start [12/33] ----
2022-08-16 09:25:48.839 | INFO     | mini.library:get_monitoring:174 - url_get(1/2) http://hometax.go.kr (0.0s)
2022-08-16 09:25:49.034 | INFO     | mini.library:get_monitoring:177 - url_get(2/2) URL Loading (0.2s)
2022-08-16 09:25:49.042 | INFO     | mini.library:get_monitoring:186 - URL redirected : https://hometax.go.kr/websquare/websquare.html?w2xPath=/ui/pp/index.xml (0.23s)
2022-08-16 09:25:51.278 | INFO     | mini.library:get_monitoring:206 - Screenshot (2.47s)
2022-08-16 09:25:51.838 | INFO     | mini.library:get_monitoring:222 - HTML Save (3.03s)
2022-08-16 09:25:52.024 | INFO     | mini.library:get_monitoring:228 - Status : 200 (3.21s)
2022-08-16 09:25:52.179 | INFO     | mini.library:get_monitoring:162 - ---- URL Health Check Start [13/33] ----
2022-08-16 09:25:52.215 | INFO     | mini.library:get_monitoring:174 - url_get(1/2) https://uni.agrix.go.kr (0.0s)
2022-08-16 09:25:52.403 | INFO     | mini.library:get_monitoring:177 - url_get(2/2) URL Loading (0.19s)
2022-08-16 09:25:52.524 | INFO     | mini.library:get_monitoring:186 - URL redirected : https://uni.agrix.go.kr/webportal/main/portalIndex.do?web=in (0.34s)
2022-08-16 09:25:54.743 | INFO     | mini.library:get_monitoring:206 - Screenshot (2.56s)
2022-08-16 09:25:54.883 | INFO     | mini.library:get_monitoring:222 - HTML Save (2.7s)
2022-08-16 09:25:55.205 | INFO     | mini.library:get_monitoring:228 - Status : 200 (3.03s)
2022-08-16 09:25:55.418 | INFO     | mini.library:get_monitoring:162 - ---- URL Health Check Start [14/33] ----
2022-08-16 09:25:55.454 | INFO     | mini.library:get_monitoring:174 - url_get(1/2) https://cbpolice.go.kr (0.0s)
2022-08-16 09:25:57.721 | INFO     | mini.library:get_monitoring:177 - url_get(2/2) URL Loading (2.27s)
2022-08-16 09:25:57.733 | INFO     | mini.library:get_monitoring:186 - URL redirected : https://cbpolice.go.kr/main.php (2.31s)
2022-08-16 09:26:00.131 | INFO     | mini.library:get_monitoring:206 - Screenshot (4.71s)
2022-08-16 09:26:00.277 | INFO     | mini.library:get_monitoring:222 - HTML Save (4.86s)
2022-08-16 09:26:01.933 | INFO     | mini.library:get_monitoring:228 - Status : 200 (6.52s)
2022-08-16 09:26:02.148 | INFO     | mini.library:get_monitoring:162 - ---- URL Health Check Start [15/33] ----
2022-08-16 09:26:02.167 | INFO     | mini.library:get_monitoring:174 - url_get(1/2) http://bspolice.go.kr (0.0s)
2022-08-16 09:26:07.087 | INFO     | mini.library:get_monitoring:177 - url_get(2/2) URL Loading (4.92s)
2022-08-16 09:26:07.094 | INFO     | mini.library:get_monitoring:186 - URL redirected : https://www.bspolice.go.kr/kor/main.do (4.95s)
2022-08-16 09:26:09.514 | INFO     | mini.library:get_monitoring:206 - Screenshot (7.37s)
2022-08-16 09:26:09.790 | INFO     | mini.library:get_monitoring:222 - HTML Save (7.64s)
2022-08-16 09:26:11.582 | INFO     | mini.library:get_monitoring:228 - Status : 200 (9.43s)
2022-08-16 09:26:11.816 | INFO     | mini.library:get_monitoring:162 - ---- URL Health Check Start [16/33] ----
2022-08-16 09:26:11.850 | INFO     | mini.library:get_monitoring:174 - url_get(1/2) http://cnpolice.go.kr (0.0s)
2022-08-16 09:26:15.896 | INFO     | mini.library:get_monitoring:177 - url_get(2/2) URL Loading (4.05s)
2022-08-16 09:26:15.904 | INFO     | mini.library:get_monitoring:186 - URL redirected : https://cnpolice.go.kr/ (4.09s)
2022-08-16 09:26:18.216 | INFO     | mini.library:get_monitoring:206 - Screenshot (6.4s)
2022-08-16 09:26:18.251 | INFO     | mini.library:get_monitoring:222 - HTML Save (6.44s)
2022-08-16 09:26:18.478 | INFO     | mini.library:get_monitoring:228 - Status : 200 (6.66s)
2022-08-16 09:26:18.683 | INFO     | mini.library:get_monitoring:162 - ---- URL Health Check Start [17/33] ----
2022-08-16 09:26:18.712 | INFO     | mini.library:get_monitoring:174 - url_get(1/2) http://dgpolice.go.kr (0.0s)
2022-08-16 09:26:22.106 | INFO     | mini.library:get_monitoring:177 - url_get(2/2) URL Loading (3.39s)
2022-08-16 09:26:22.114 | INFO     | mini.library:get_monitoring:186 - URL redirected : https://www.dgpolice.go.kr/ (3.43s)
2022-08-16 09:26:24.745 | INFO     | mini.library:get_monitoring:206 - Screenshot (6.06s)
2022-08-16 09:26:24.935 | INFO     | mini.library:get_monitoring:222 - HTML Save (6.25s)
2022-08-16 09:26:26.979 | INFO     | mini.library:get_monitoring:228 - Status : 200 (8.3s)
2022-08-16 09:26:27.129 | INFO     | mini.library:get_monitoring:162 - ---- URL Health Check Start [18/33] ----
2022-08-16 09:26:27.159 | INFO     | mini.library:get_monitoring:174 - url_get(1/2) http://djpolice.go.kr (0.0s)
2022-08-16 09:26:29.003 | INFO     | mini.library:get_monitoring:177 - url_get(2/2) URL Loading (1.84s)
2022-08-16 09:26:29.015 | INFO     | mini.library:get_monitoring:186 - URL redirected : https://djpolice.go.kr/index.html (1.89s)
2022-08-16 09:26:31.400 | INFO     | mini.library:get_monitoring:206 - Screenshot (4.27s)
2022-08-16 09:26:31.495 | INFO     | mini.library:get_monitoring:222 - HTML Save (4.37s)
2022-08-16 09:26:32.066 | INFO     | mini.library:get_monitoring:228 - Status : 200 (4.94s)
2022-08-16 09:26:32.239 | INFO     | mini.library:get_monitoring:162 - ---- URL Health Check Start [19/33] ----
2022-08-16 09:26:32.264 | INFO     | mini.library:get_monitoring:174 - url_get(1/2) http://gbpolice.go.kr (0.0s)
2022-08-16 09:26:32.452 | INFO     | mini.library:get_monitoring:177 - url_get(2/2) URL Loading (0.19s)
2022-08-16 09:26:36.276 | INFO     | mini.library:get_monitoring:186 - URL redirected : http://gbpolice.go.kr/gbpolice/index.do (4.04s)
2022-08-16 09:26:38.790 | INFO     | mini.library:get_monitoring:206 - Screenshot (6.55s)
2022-08-16 09:26:39.002 | INFO     | mini.library:get_monitoring:222 - HTML Save (6.76s)
2022-08-16 09:26:45.218 | INFO     | mini.library:get_monitoring:228 - Status : 200 (12.98s)
2022-08-16 09:26:45.465 | INFO     | mini.library:get_monitoring:162 - ---- URL Health Check Start [20/33] ----
2022-08-16 09:26:45.480 | INFO     | mini.library:get_monitoring:174 - url_get(1/2) http://ggbpolice.go.kr (0.0s)
2022-08-16 09:26:47.718 | INFO     | mini.library:get_monitoring:177 - url_get(2/2) URL Loading (2.24s)
2022-08-16 09:26:47.727 | INFO     | mini.library:get_monitoring:186 - URL redirected : https://ggbpolice.go.kr/ (2.26s)
2022-08-16 09:26:50.136 | INFO     | mini.library:get_monitoring:206 - Screenshot (4.67s)
2022-08-16 09:26:50.359 | INFO     | mini.library:get_monitoring:222 - HTML Save (4.89s)
2022-08-16 09:26:51.198 | INFO     | mini.library:get_monitoring:228 - Status : 200 (5.73s)
2022-08-16 09:26:51.345 | INFO     | mini.library:get_monitoring:162 - ---- URL Health Check Start [21/33] ----
2022-08-16 09:26:51.379 | INFO     | mini.library:get_monitoring:174 - url_get(1/2) http://ggpolice.go.kr (0.0s)
2022-08-16 09:26:53.865 | INFO     | mini.library:get_monitoring:177 - url_get(2/2) URL Loading (2.49s)
2022-08-16 09:26:53.873 | INFO     | mini.library:get_monitoring:186 - URL redirected : http://ggpolice.go.kr/ (2.53s)
2022-08-16 09:26:56.303 | INFO     | mini.library:get_monitoring:206 - Screenshot (4.96s)
2022-08-16 09:26:56.508 | INFO     | mini.library:get_monitoring:222 - HTML Save (5.16s)
2022-08-16 09:26:57.356 | INFO     | mini.library:get_monitoring:228 - Status : 200 (6.01s)
2022-08-16 09:26:57.510 | INFO     | mini.library:get_monitoring:162 - ---- URL Health Check Start [22/33] ----
2022-08-16 09:26:57.530 | INFO     | mini.library:get_monitoring:174 - url_get(1/2) http://gjpolice.go.kr (0.0s)
2022-08-16 09:27:00.917 | INFO     | mini.library:get_monitoring:177 - url_get(2/2) URL Loading (3.39s)
2022-08-16 09:27:01.035 | INFO     | mini.library:get_monitoring:186 - URL redirected : https://gjpolice.go.kr/index.do?r=gjpolice (3.53s)
2022-08-16 09:27:03.381 | INFO     | mini.library:get_monitoring:206 - Screenshot (5.87s)
2022-08-16 09:27:03.535 | INFO     | mini.library:get_monitoring:222 - HTML Save (6.03s)
2022-08-16 09:27:04.800 | INFO     | mini.library:get_monitoring:228 - Status : 200 (7.29s)
2022-08-16 09:27:04.977 | INFO     | mini.library:get_monitoring:162 - ---- URL Health Check Start [23/33] ----
2022-08-16 09:27:05.002 | INFO     | mini.library:get_monitoring:174 - url_get(1/2) https://gnpolice.go.kr (0.0s)
2022-08-16 09:27:15.013 | ERROR    | mini.library:get_monitoring:179 - url_get / time_out exception : https://gnpolice.go.kr
Traceback (most recent call last):

  File "c:\Users\prius\.vscode\extensions\ms-python.python-2022.12.0\pythonFiles\lib\python\debugpy\_vendored\pydevd\_pydev_bundle\pydev_monkey.py", line 1053, in __call__
    ret = self.original_func(*self.args, **self.kwargs)
          │    │              │    │       │    └ {}
          │    │              │    │       └ <_pydev_bundle.pydev_monkey._NewThreadStartupWithTrace object at 0x000002BC395D1D20>
          │    │              │    └ ()
          │    │              └ <_pydev_bundle.pydev_monkey._NewThreadStartupWithTrace object at 0x000002BC395D1D20>
          │    └ <bound method Thread._bootstrap of <Thread(Thread-7 (long_function_thread), started daemon 17544)>>
          └ <_pydev_bundle.pydev_monkey._NewThreadStartupWithTrace object at 0x000002BC395D1D20>

  File "C:\Python310\lib\threading.py", line 966, in _bootstrap
    self._bootstrap_inner()
    │    └ <function Thread._bootstrap_inner at 0x000002BC35421BD0>
    └ <Thread(Thread-7 (long_function_thread), started daemon 17544)>

  File "C:\Python310\lib\threading.py", line 1009, in _bootstrap_inner
    self.run()
    │    └ <function Thread.run at 0x000002BC35421900>
    └ <Thread(Thread-7 (long_function_thread), started daemon 17544)>

  File "C:\Python310\lib\threading.py", line 946, in run
    self._target(*self._args, **self._kwargs)
    │    │        │    │        │    └ {}
    │    │        │    │        └ <Thread(Thread-7 (long_function_thread), started daemon 17544)>
    │    │        │    └ (<PySimpleGUI.PySimpleGUI.Window object at 0x000002BC39155300>, {'-GRP_LIST-': '전 체', '-SITE_TITLE-': '', '-SITE_URL-': '', '...
    │    │        └ <Thread(Thread-7 (long_function_thread), started daemon 17544)>
    │    └ <function long_function_thread at 0x000002BC37C5F010>
    └ <Thread(Thread-7 (long_function_thread), started daemon 17544)>

  File "d:\projects\miniuptime\main3.py", line 25, in long_function_thread
    url_cnt = mini.get_monitoring(window, keyword)
              │    │              │       └ {'GRP_LIST': '전 체', 'SITE_TITLE': '', 'SITE_URL': '', 'REPEAT': False, 'DISABLED': False, 'BG_EXE': True, 'TIME_OUT': 10}
              │    │              └ <PySimpleGUI.PySimpleGUI.Window object at 0x000002BC39155300>
              │    └ <function get_monitoring at 0x000002BC3903C430>
              └ <module 'mini.library' from 'd:\\projects\\miniuptime\\mini\\library.py'>

> File "d:\projects\miniuptime\mini\library.py", line 176, in get_monitoring
    driver.get(web_url)
    │      │   └ 'https://gnpolice.go.kr'
    │      └ <function WebDriver.get at 0x000002BC38BAB640>
    └ <selenium.webdriver.chrome.webdriver.WebDriver (session="25ab918f73f806f0328db953d5afe1ff")>

  File "d:\projects\miniuptime\.venv\lib\site-packages\selenium\webdriver\remote\webdriver.py", line 446, in get
    self.execute(Command.GET, {'url': url})
    │    │       │       │            └ 'https://gnpolice.go.kr'
    │    │       │       └ 'get'
    │    │       └ <class 'selenium.webdriver.remote.command.Command'>
    │    └ <function WebDriver.execute at 0x000002BC38BAB5B0>
    └ <selenium.webdriver.chrome.webdriver.WebDriver (session="25ab918f73f806f0328db953d5afe1ff")>

  File "d:\projects\miniuptime\.venv\lib\site-packages\selenium\webdriver\remote\webdriver.py", line 434, in execute
    self.error_handler.check_response(response)
    │    │             │              └ {'status': 500, 'value': '{"value":{"error":"timeout","message":"timeout: Timed out receiving message from renderer: 9.825\\n...
    │    │             └ <function ErrorHandler.check_response at 0x000002BC38A14790>
    │    └ <selenium.webdriver.remote.errorhandler.ErrorHandler object at 0x000002BC395D3700>
    └ <selenium.webdriver.chrome.webdriver.WebDriver (session="25ab918f73f806f0328db953d5afe1ff")>

  File "d:\projects\miniuptime\.venv\lib\site-packages\selenium\webdriver\remote\errorhandler.py", line 243, in check_response
    raise exception_class(message, screen, stacktrace)
          │               │        │       └ ['Backtrace:', '\tOrdinal0 [0x00A678B3+2193587]', '\tOrdinal0 [0x00A00681+1771137]', '\tOrdinal0 [0x009141A8+803240]', '\tOrd...
          │               │        └ None
          │               └ 'timeout: Timed out receiving message from renderer: 9.825\n  (Session info: headless chrome=104.0.5112.81)'
          └ <class 'selenium.common.exceptions.TimeoutException'>

selenium.common.exceptions.TimeoutException: Message: timeout: Timed out receiving message from renderer: 9.825
  (Session info: headless chrome=104.0.5112.81)
Stacktrace:
Backtrace:
	Ordinal0 [0x00A678B3+2193587]
	Ordinal0 [0x00A00681+1771137]
	Ordinal0 [0x009141A8+803240]
	Ordinal0 [0x009070AA+749738]
	Ordinal0 [0x00905E94+745108]
	Ordinal0 [0x00906498+746648]
	Ordinal0 [0x0090F35F+783199]
	Ordinal0 [0x0091A47B+828539]
	Ordinal0 [0x0091D750+841552]
	Ordinal0 [0x00906766+747366]
	Ordinal0 [0x0091A2C9+828105]
	Ordinal0 [0x0096DE25+1170981]
	Ordinal0 [0x0095D5C6+1103302]
	Ordinal0 [0x009377E0+948192]
	Ordinal0 [0x009386E6+952038]
	GetHandleVerifier [0x00D10CB2+2738370]
	GetHandleVerifier [0x00D021B8+2678216]
	GetHandleVerifier [0x00AF17AA+512954]
	GetHandleVerifier [0x00AF0856+509030]
	Ordinal0 [0x00A0743B+1799227]
	Ordinal0 [0x00A0BB68+1817448]
	Ordinal0 [0x00A0BC55+1817685]
	Ordinal0 [0x00A15230+1856048]
	BaseThreadInitThunk [0x7594FA29+25]
	RtlGetAppContainerNamedObjectPath [0x77927A9E+286]
	RtlGetAppContainerNamedObjectPath [0x77927A6E+238]

2022-08-16 09:27:15.176 | INFO     | mini.library:get_monitoring:186 - URL redirected : https://gnpolice.go.kr/gnpolice/index.do;jsessionid=9TEkr5XTIaaYKHsBxi0XHNGQKbKc8UWgfDuzMivwsYCzIDE77dDG1N8j8Yf3aZXa.pol_was02_servlet_engine4 (10.2s)
2022-08-16 09:27:18.567 | INFO     | mini.library:get_monitoring:206 - Screenshot (13.59s)
2022-08-16 09:27:18.727 | INFO     | mini.library:get_monitoring:222 - HTML Save (13.75s)
2022-08-16 09:27:19.073 | INFO     | mini.library:get_monitoring:228 - Status : 200 (14.1s)
2022-08-16 09:27:19.230 | INFO     | mini.library:get_monitoring:162 - ---- URL Health Check Start [24/33] ----
2022-08-16 09:27:19.272 | INFO     | mini.library:get_monitoring:174 - url_get(1/2) http://gwpolice.go.kr (0.0s)
2022-08-16 09:27:21.109 | INFO     | mini.library:get_monitoring:177 - url_get(2/2) URL Loading (1.84s)
2022-08-16 09:27:21.117 | INFO     | mini.library:get_monitoring:186 - URL redirected : https://www.gwpolice.go.kr/gw/main/main.jsp (1.89s)
2022-08-16 09:27:23.442 | INFO     | mini.library:get_monitoring:206 - Screenshot (4.21s)
2022-08-16 09:27:23.578 | INFO     | mini.library:get_monitoring:222 - HTML Save (4.35s)
2022-08-16 09:27:24.776 | INFO     | mini.library:get_monitoring:228 - Status : 200 (5.55s)
2022-08-16 09:27:24.989 | INFO     | mini.library:get_monitoring:162 - ---- URL Health Check Start [25/33] ----
2022-08-16 09:27:25.028 | INFO     | mini.library:get_monitoring:174 - url_get(1/2) https://icpolice.go.kr (0.0s)
2022-08-16 09:27:26.013 | INFO     | mini.library:get_monitoring:177 - url_get(2/2) URL Loading (0.98s)
2022-08-16 09:27:26.024 | INFO     | mini.library:get_monitoring:186 - URL redirected : https://icpolice.go.kr/ (1.03s)
2022-08-16 09:27:28.723 | INFO     | mini.library:get_monitoring:206 - Screenshot (3.73s)
2022-08-16 09:27:28.863 | INFO     | mini.library:get_monitoring:222 - HTML Save (3.87s)
2022-08-16 09:27:29.248 | INFO     | mini.library:get_monitoring:228 - Status : 200 (4.26s)
2022-08-16 09:27:29.414 | INFO     | mini.library:get_monitoring:162 - ---- URL Health Check Start [26/33] ----
2022-08-16 09:27:29.447 | INFO     | mini.library:get_monitoring:174 - url_get(1/2) http://jbpolice.go.kr (0.0s)
2022-08-16 09:27:33.414 | INFO     | mini.library:get_monitoring:177 - url_get(2/2) URL Loading (3.97s)
2022-08-16 09:27:33.422 | INFO     | mini.library:get_monitoring:186 - URL redirected : https://www.jbpolice.go.kr/index.police (4.01s)
2022-08-16 09:27:35.760 | INFO     | mini.library:get_monitoring:206 - Screenshot (6.35s)
2022-08-16 09:27:35.945 | INFO     | mini.library:get_monitoring:222 - HTML Save (6.53s)
2022-08-16 09:27:38.544 | INFO     | mini.library:get_monitoring:228 - Status : 200 (9.13s)
2022-08-16 09:27:38.725 | INFO     | mini.library:get_monitoring:162 - ---- URL Health Check Start [27/33] ----
2022-08-16 09:27:38.753 | INFO     | mini.library:get_monitoring:174 - url_get(1/2) http://jjpolice.go.kr (0.0s)
2022-08-16 09:27:42.153 | INFO     | mini.library:get_monitoring:177 - url_get(2/2) URL Loading (3.4s)
2022-08-16 09:27:42.162 | INFO     | mini.library:get_monitoring:186 - URL redirected : https://www.jjpolice.go.kr/jjpolice/ (3.44s)
2022-08-16 09:27:44.695 | INFO     | mini.library:get_monitoring:206 - Screenshot (5.97s)
2022-08-16 09:27:44.833 | INFO     | mini.library:get_monitoring:222 - HTML Save (6.11s)
2022-08-16 09:27:46.879 | INFO     | mini.library:get_monitoring:228 - Status : 200 (8.15s)
2022-08-16 09:27:47.106 | INFO     | mini.library:get_monitoring:162 - ---- URL Health Check Start [28/33] ----
2022-08-16 09:27:47.134 | INFO     | mini.library:get_monitoring:174 - url_get(1/2) http://jnpolice.go.kr (0.0s)
2022-08-16 09:27:57.151 | ERROR    | mini.library:get_monitoring:179 - url_get / time_out exception : http://jnpolice.go.kr
Traceback (most recent call last):

  File "c:\Users\prius\.vscode\extensions\ms-python.python-2022.12.0\pythonFiles\lib\python\debugpy\_vendored\pydevd\_pydev_bundle\pydev_monkey.py", line 1053, in __call__
    ret = self.original_func(*self.args, **self.kwargs)
          │    │              │    │       │    └ {}
          │    │              │    │       └ <_pydev_bundle.pydev_monkey._NewThreadStartupWithTrace object at 0x000002BC395D1D20>
          │    │              │    └ ()
          │    │              └ <_pydev_bundle.pydev_monkey._NewThreadStartupWithTrace object at 0x000002BC395D1D20>
          │    └ <bound method Thread._bootstrap of <Thread(Thread-7 (long_function_thread), started daemon 17544)>>
          └ <_pydev_bundle.pydev_monkey._NewThreadStartupWithTrace object at 0x000002BC395D1D20>

  File "C:\Python310\lib\threading.py", line 966, in _bootstrap
    self._bootstrap_inner()
    │    └ <function Thread._bootstrap_inner at 0x000002BC35421BD0>
    └ <Thread(Thread-7 (long_function_thread), started daemon 17544)>

  File "C:\Python310\lib\threading.py", line 1009, in _bootstrap_inner
    self.run()
    │    └ <function Thread.run at 0x000002BC35421900>
    └ <Thread(Thread-7 (long_function_thread), started daemon 17544)>

  File "C:\Python310\lib\threading.py", line 946, in run
    self._target(*self._args, **self._kwargs)
    │    │        │    │        │    └ {}
    │    │        │    │        └ <Thread(Thread-7 (long_function_thread), started daemon 17544)>
    │    │        │    └ (<PySimpleGUI.PySimpleGUI.Window object at 0x000002BC39155300>, {'-GRP_LIST-': '전 체', '-SITE_TITLE-': '', '-SITE_URL-': '', '...
    │    │        └ <Thread(Thread-7 (long_function_thread), started daemon 17544)>
    │    └ <function long_function_thread at 0x000002BC37C5F010>
    └ <Thread(Thread-7 (long_function_thread), started daemon 17544)>

  File "d:\projects\miniuptime\main3.py", line 25, in long_function_thread
    url_cnt = mini.get_monitoring(window, keyword)
              │    │              │       └ {'GRP_LIST': '전 체', 'SITE_TITLE': '', 'SITE_URL': '', 'REPEAT': False, 'DISABLED': False, 'BG_EXE': True, 'TIME_OUT': 10}
              │    │              └ <PySimpleGUI.PySimpleGUI.Window object at 0x000002BC39155300>
              │    └ <function get_monitoring at 0x000002BC3903C430>
              └ <module 'mini.library' from 'd:\\projects\\miniuptime\\mini\\library.py'>

> File "d:\projects\miniuptime\mini\library.py", line 176, in get_monitoring
    driver.get(web_url)
    │      │   └ 'http://jnpolice.go.kr'
    │      └ <function WebDriver.get at 0x000002BC38BAB640>
    └ <selenium.webdriver.chrome.webdriver.WebDriver (session="25ab918f73f806f0328db953d5afe1ff")>

  File "d:\projects\miniuptime\.venv\lib\site-packages\selenium\webdriver\remote\webdriver.py", line 446, in get
    self.execute(Command.GET, {'url': url})
    │    │       │       │            └ 'http://jnpolice.go.kr'
    │    │       │       └ 'get'
    │    │       └ <class 'selenium.webdriver.remote.command.Command'>
    │    └ <function WebDriver.execute at 0x000002BC38BAB5B0>
    └ <selenium.webdriver.chrome.webdriver.WebDriver (session="25ab918f73f806f0328db953d5afe1ff")>

  File "d:\projects\miniuptime\.venv\lib\site-packages\selenium\webdriver\remote\webdriver.py", line 434, in execute
    self.error_handler.check_response(response)
    │    │             │              └ {'status': 500, 'value': '{"value":{"error":"timeout","message":"timeout: Timed out receiving message from renderer: 5.896\\n...
    │    │             └ <function ErrorHandler.check_response at 0x000002BC38A14790>
    │    └ <selenium.webdriver.remote.errorhandler.ErrorHandler object at 0x000002BC395D3700>
    └ <selenium.webdriver.chrome.webdriver.WebDriver (session="25ab918f73f806f0328db953d5afe1ff")>

  File "d:\projects\miniuptime\.venv\lib\site-packages\selenium\webdriver\remote\errorhandler.py", line 243, in check_response
    raise exception_class(message, screen, stacktrace)
          │               │        │       └ ['Backtrace:', '\tOrdinal0 [0x00A678B3+2193587]', '\tOrdinal0 [0x00A00681+1771137]', '\tOrdinal0 [0x009141A8+803240]', '\tOrd...
          │               │        └ None
          │               └ 'timeout: Timed out receiving message from renderer: 5.896\n  (Session info: headless chrome=104.0.5112.81)'
          └ <class 'selenium.common.exceptions.TimeoutException'>

selenium.common.exceptions.TimeoutException: Message: timeout: Timed out receiving message from renderer: 5.896
  (Session info: headless chrome=104.0.5112.81)
Stacktrace:
Backtrace:
	Ordinal0 [0x00A678B3+2193587]
	Ordinal0 [0x00A00681+1771137]
	Ordinal0 [0x009141A8+803240]
	Ordinal0 [0x009070AA+749738]
	Ordinal0 [0x00905E94+745108]
	Ordinal0 [0x00906498+746648]
	Ordinal0 [0x0090F35F+783199]
	Ordinal0 [0x0091A47B+828539]
	Ordinal0 [0x0091D750+841552]
	Ordinal0 [0x00906766+747366]
	Ordinal0 [0x0091A2C9+828105]
	Ordinal0 [0x0096DE25+1170981]
	Ordinal0 [0x0095D5C6+1103302]
	Ordinal0 [0x009377E0+948192]
	Ordinal0 [0x009386E6+952038]
	GetHandleVerifier [0x00D10CB2+2738370]
	GetHandleVerifier [0x00D021B8+2678216]
	GetHandleVerifier [0x00AF17AA+512954]
	GetHandleVerifier [0x00AF0856+509030]
	Ordinal0 [0x00A0743B+1799227]
	Ordinal0 [0x00A0BB68+1817448]
	Ordinal0 [0x00A0BC55+1817685]
	Ordinal0 [0x00A15230+1856048]
	BaseThreadInitThunk [0x7594FA29+25]
	RtlGetAppContainerNamedObjectPath [0x77927A9E+286]
	RtlGetAppContainerNamedObjectPath [0x77927A6E+238]

2022-08-16 09:27:57.253 | INFO     | mini.library:get_monitoring:186 - URL redirected : https://jnpolice.go.kr/?pid=A (10.15s)
